<?xml version="1.0" encoding="UTF-8"?>
<!-- Generated by org.testng.reporters.JUnitXMLReporter -->
<testsuite hostname="DESKTOP-KTHKFE5" ignored="0" name="Test" tests="56" failures="1" timestamp="2020-11-29T16:11:42 IST" time="88.832" errors="0">
  <testcase name="getResponseTime" time="1.317" classname="tests.base_test"/>
  <testcase name="getStatusCode" time="0.453" classname="tests.base_test"/>
  <testcase name="getResponseTime" time="0.452" classname="tests.base_test"/>
  <testcase name="getStatusCode" time="0.435" classname="tests.base_test"/>
  <testcase name="t01_loginFailedFromTable" time="1.437" classname="tests.login_test"/>
  <testcase name="t01_loginFailedFromTable" time="1.36" classname="tests.login_test"/>
  <testcase name="t01_loginFailedFromTable" time="1.348" classname="tests.login_test"/>
  <testcase name="t01_loginFailedFromTable" time="1.341" classname="tests.login_test"/>
  <testcase name="t02_loginFailedMatchAssert" time="1.384" classname="tests.login_test"/>
  <testcase name="t03_loginFailedNoMatchAssert" time="1.362" classname="tests.login_test">
    <failure type="java.lang.AssertionError" message="expected [Sorry! Epic sadface: Username and password do not match any user in this service] but found [Epic sadface: Username and password do not match any user in this service]">
      <![CDATA[java.lang.AssertionError: expected [Sorry! Epic sadface: Username and password do not match any user in this service] but found [Epic sadface: Username and password do not match any user in this service]
at tests.login_test.t03_loginFailedNoMatchAssert(login_test.java:33)
at java.util.ArrayList.forEach(ArrayList.java:1257)
... Removed 36 stack frames]]>
    </failure>
  </testcase> <!-- t03_loginFailedNoMatchAssert -->
  <testcase name="t04_loginSucceed" time="2.257" classname="tests.login_test"/>
  <testcase name="getResponseTime" time="0.456" classname="tests.base_test"/>
  <testcase name="getStatusCode" time="0.491" classname="tests.base_test"/>
  <testcase name="t01_loginSucceed" time="2.152" classname="tests.cart_test"/>
  <testcase name="t02_addListItems" time="0.573" classname="tests.cart_test"/>
  <testcase name="t03_remvoeItem" time="0.07" classname="tests.cart_test"/>
  <testcase name="t04_continueShopping" time="0.197" classname="tests.cart_test"/>
  <testcase name="t05_numOfItems" time="1.075" classname="tests.cart_test"/>
  <testcase name="t06_clickCheckOut" time="0.206" classname="tests.cart_test"/>
  <testcase name="getResponseTime" time="0.469" classname="tests.base_test"/>
  <testcase name="getStatusCode" time="0.479" classname="tests.base_test"/>
  <testcase name="t01_loginSucceed" time="3.862" classname="tests.inventory_test"/>
  <testcase name="t02_addOneItemAndBack" time="0.336" classname="tests.inventory_test"/>
  <testcase name="t03_addListItems" time="0.375" classname="tests.inventory_test"/>
  <testcase name="t04_lowToHigh" time="0.125" classname="tests.inventory_test"/>
  <testcase name="t05_highToLowh" time="0.118" classname="tests.inventory_test"/>
  <testcase name="t06_ZToA" time="0.116" classname="tests.inventory_test"/>
  <testcase name="t07_logOut" time="0.292" classname="tests.inventory_test"/>
  <testcase name="getResponseTime" time="0.471" classname="tests.base_test"/>
  <testcase name="getStatusCode" time="0.455" classname="tests.base_test"/>
  <testcase name="t01_loginSucceed" time="2.267" classname="tests.checkout_step_one_test"/>
  <testcase name="t02_addListItems" time="0.583" classname="tests.checkout_step_one_test"/>
  <testcase name="t03_clickCheckOut" time="0.205" classname="tests.checkout_step_one_test"/>
  <testcase name="t04_personalWrongFirstName" time="2.53" classname="tests.checkout_step_one_test"/>
  <testcase name="t05_personalCorrectDetails" time="0.618" classname="tests.checkout_step_one_test"/>
  <testcase name="getResponseTime" time="0.469" classname="tests.base_test"/>
  <testcase name="getStatusCode" time="0.465" classname="tests.base_test"/>
  <testcase name="t01_loginSucceed" time="2.178" classname="tests.checkout_step_two_test"/>
  <testcase name="t02_addListItems" time="0.59" classname="tests.checkout_step_two_test"/>
  <testcase name="t03_clickCheckOut" time="0.221" classname="tests.checkout_step_two_test"/>
  <testcase name="t04_personalCorrectDetails" time="0.642" classname="tests.checkout_step_two_test"/>
  <testcase name="t05_printSauceCard" time="0.047" classname="tests.checkout_step_two_test"/>
  <testcase name="t06_printItemTotal" time="0.048" classname="tests.checkout_step_two_test"/>
  <testcase name="t07_printTax" time="0.046" classname="tests.checkout_step_two_test"/>
  <testcase name="t08_printTotal" time="0.047" classname="tests.checkout_step_two_test"/>
  <testcase name="t09_finish" time="0.278" classname="tests.checkout_step_two_test"/>
  <testcase name="getResponseTime" time="0.483" classname="tests.base_test"/>
  <testcase name="getStatusCode" time="0.476" classname="tests.base_test"/>
  <testcase name="t01_loginSucceed" time="2.73" classname="tests.checkout_complete_test"/>
  <testcase name="t02_addListItems" time="0.577" classname="tests.checkout_complete_test"/>
  <testcase name="t03_clickCheckOut" time="0.202" classname="tests.checkout_complete_test"/>
  <testcase name="t04_personalCorrectDetails" time="0.661" classname="tests.checkout_complete_test"/>
  <testcase name="t05_finish" time="0.264" classname="tests.checkout_complete_test"/>
  <testcase name="t06_printMessage" time="0.063" classname="tests.checkout_complete_test"/>
  <testcase name="t07_finishOrder" time="0.016" classname="tests.checkout_complete_test"/>
  <testcase name="t09_logOut" time="0.264" classname="tests.checkout_complete_test"/>
</testsuite> <!-- Test -->
