<html>
<head>
<title>TestNG:  Test</title>
<link href="../testng.css" rel="stylesheet" type="text/css" />
<link href="../my-testng.css" rel="stylesheet" type="text/css" />

<style type="text/css">
.log { display: none;} 
.stack-trace { display: none;} 
</style>
<script type="text/javascript">
<!--
function flip(e) {
  current = e.style.display;
  if (current == 'block') {
    e.style.display = 'none';
    return 0;
  }
  else {
    e.style.display = 'block';
    return 1;
  }
}

function toggleBox(szDivId, elem, msg1, msg2)
{
  var res = -1;  if (document.getElementById) {
    res = flip(document.getElementById(szDivId));
  }
  else if (document.all) {
    // this is the way old msie versions work
    res = flip(document.all[szDivId]);
  }
  if(elem) {
    if(res == 0) elem.innerHTML = msg1; else elem.innerHTML = msg2;
  }

}

function toggleAllBoxes() {
  if (document.getElementsByTagName) {
    d = document.getElementsByTagName('div');
    for (i = 0; i < d.length; i++) {
      if (d[i].className == 'log') {
        flip(d[i]);
      }
    }
  }
}

// -->
</script>

</head>
<body>
<h2 align='center'>Test</h2><table border='1' align="center">
<tr>
<td>Tests passed/Failed/Skipped:</td><td>55/1/0</td>
</tr><tr>
<td>Started on:</td><td>Sun Nov 29 16:31:27 IST 2020</td>
</tr>
<tr><td>Total time:</td><td>88 seconds (88783 ms)</td>
</tr><tr>
<td>Included groups:</td><td></td>
</tr><tr>
<td>Excluded groups:</td><td></td>
</tr>
</table><p/>
<small><i>(Hover the method name to see the test class name)</i></small><p/>
<table width='100%' border='1' class='invocation-failed'>
<tr><td colspan='4' align='center'><b>FAILED TESTS</b></td></tr>
<tr><td><b>Test method</b></td>
<td width="30%"><b>Exception</b></td>
<td width="10%"><b>Time (seconds)</b></td>
<td><b>Instance</b></td>
</tr>
<tr>
<td title='tests.login_test.t03_loginFailedNoMatchAssert()'><b>t03_loginFailedNoMatchAssert</b><br>Test class: tests.login_test<br>Test method: Login with wrong password with unmatch assert</td>
<td><div><pre>java.lang.AssertionError: expected [Sorry! Epic sadface: Username and password do not match any user in this service] but found [Epic sadface: Username and password do not match any user in this service]
	at tests.login_test.t03_loginFailedNoMatchAssert(login_test.java:33)
	at java.util.ArrayList.forEach(ArrayList.java:1257)
... Removed 36 stack frames</pre></div><a href='#' onClick='toggleBox("stack-trace1057263702", this, "Click to show all stack frames", "Click to hide stack frames")'>Click to show all stack frames</a>
<div class='stack-trace' id='stack-trace1057263702'><pre>java.lang.AssertionError: expected [Sorry! Epic sadface: Username and password do not match any user in this service] but found [Epic sadface: Username and password do not match any user in this service]
	at org.testng.Assert.fail(Assert.java:97)
	at org.testng.Assert.assertEqualsImpl(Assert.java:136)
	at org.testng.Assert.assertEquals(Assert.java:118)
	at org.testng.Assert.assertEquals(Assert.java:575)
	at org.testng.Assert.assertEquals(Assert.java:585)
	at tests.login_test.t03_loginFailedNoMatchAssert(login_test.java:33)
	at sun.reflect.NativeMethodAccessorImpl.invoke0(Native Method)
	at sun.reflect.NativeMethodAccessorImpl.invoke(NativeMethodAccessorImpl.java:62)
	at sun.reflect.DelegatingMethodAccessorImpl.invoke(DelegatingMethodAccessorImpl.java:43)
	at java.lang.reflect.Method.invoke(Method.java:498)
	at org.testng.internal.MethodInvocationHelper.invokeMethod(MethodInvocationHelper.java:134)
	at org.testng.internal.TestInvoker.invokeMethod(TestInvoker.java:597)
	at org.testng.internal.TestInvoker.invokeTestMethod(TestInvoker.java:173)
	at org.testng.internal.MethodRunner.runInSequence(MethodRunner.java:46)
	at org.testng.internal.TestInvoker$MethodInvocationAgent.invoke(TestInvoker.java:816)
	at org.testng.internal.TestInvoker.invokeTestMethods(TestInvoker.java:146)
	at org.testng.internal.TestMethodWorker.invokeTestMethods(TestMethodWorker.java:146)
	at org.testng.internal.TestMethodWorker.run(TestMethodWorker.java:128)
	at java.util.ArrayList.forEach(ArrayList.java:1257)
	at org.testng.TestRunner.privateRun(TestRunner.java:766)
	at org.testng.TestRunner.run(TestRunner.java:587)
	at org.testng.SuiteRunner.runTest(SuiteRunner.java:384)
	at org.testng.SuiteRunner.runSequentially(SuiteRunner.java:378)
	at org.testng.SuiteRunner.privateRun(SuiteRunner.java:337)
	at org.testng.SuiteRunner.run(SuiteRunner.java:286)
	at org.testng.SuiteRunnerWorker.runSuite(SuiteRunnerWorker.java:53)
	at org.testng.SuiteRunnerWorker.run(SuiteRunnerWorker.java:96)
	at org.testng.TestNG.runSuitesSequentially(TestNG.java:1187)
	at org.testng.TestNG.runSuitesLocally(TestNG.java:1109)
	at org.testng.TestNG.runSuites(TestNG.java:1039)
	at org.testng.TestNG.run(TestNG.java:1007)
	at org.apache.maven.surefire.testng.TestNGExecutor.run(TestNGExecutor.java:283)
	at org.apache.maven.surefire.testng.TestNGXmlTestSuite.execute(TestNGXmlTestSuite.java:75)
	at org.apache.maven.surefire.testng.TestNGProvider.invoke(TestNGProvider.java:120)
	at org.apache.maven.surefire.booter.ForkedBooter.runSuitesInProcess(ForkedBooter.java:377)
	at org.apache.maven.surefire.booter.ForkedBooter.execute(ForkedBooter.java:138)
	at org.apache.maven.surefire.booter.ForkedBooter.run(ForkedBooter.java:465)
	at org.apache.maven.surefire.booter.ForkedBooter.main(ForkedBooter.java:451)
</pre></div></td>
<td>1</td>
<td>tests.login_test@35d176f7</td></tr>
</table><p>
<table width='100%' border='1' class='invocation-passed'>
<tr><td colspan='4' align='center'><b>PASSED TESTS</b></td></tr>
<tr><td><b>Test method</b></td>
<td width="30%"><b>Exception</b></td>
<td width="10%"><b>Time (seconds)</b></td>
<td><b>Instance</b></td>
</tr>
<tr>
<td title='tests.base_test.getResponseTime()'><b>getResponseTime</b><br>Test class: tests.base_test</td>
<td></td>
<td>1</td>
<td>tests.base_test@551aa95a</td></tr>
<tr>
<td title='tests.login_test.getResponseTime()'><b>getResponseTime</b><br>Test class: tests.login_test</td>
<td></td>
<td>0</td>
<td>tests.login_test@35d176f7</td></tr>
<tr>
<td title='tests.cart_test.getResponseTime()'><b>getResponseTime</b><br>Test class: tests.cart_test</td>
<td></td>
<td>0</td>
<td>tests.cart_test@1dfe2924</td></tr>
<tr>
<td title='tests.inventory_test.getResponseTime()'><b>getResponseTime</b><br>Test class: tests.inventory_test</td>
<td></td>
<td>0</td>
<td>tests.inventory_test@6ebc05a6</td></tr>
<tr>
<td title='tests.checkout_step_one_test.getResponseTime()'><b>getResponseTime</b><br>Test class: tests.checkout_step_one_test</td>
<td></td>
<td>0</td>
<td>tests.checkout_step_one_test@6e6c3152</td></tr>
<tr>
<td title='tests.checkout_step_two_test.getResponseTime()'><b>getResponseTime</b><br>Test class: tests.checkout_step_two_test</td>
<td></td>
<td>0</td>
<td>tests.checkout_step_two_test@50b494a6</td></tr>
<tr>
<td title='tests.checkout_complete_test.getResponseTime()'><b>getResponseTime</b><br>Test class: tests.checkout_complete_test</td>
<td></td>
<td>0</td>
<td>tests.checkout_complete_test@3cef309d</td></tr>
<tr>
<td title='tests.base_test.getStatusCode()'><b>getStatusCode</b><br>Test class: tests.base_test</td>
<td></td>
<td>0</td>
<td>tests.base_test@551aa95a</td></tr>
<tr>
<td title='tests.login_test.getStatusCode()'><b>getStatusCode</b><br>Test class: tests.login_test</td>
<td></td>
<td>0</td>
<td>tests.login_test@35d176f7</td></tr>
<tr>
<td title='tests.cart_test.getStatusCode()'><b>getStatusCode</b><br>Test class: tests.cart_test</td>
<td></td>
<td>0</td>
<td>tests.cart_test@1dfe2924</td></tr>
<tr>
<td title='tests.inventory_test.getStatusCode()'><b>getStatusCode</b><br>Test class: tests.inventory_test</td>
<td></td>
<td>0</td>
<td>tests.inventory_test@6ebc05a6</td></tr>
<tr>
<td title='tests.checkout_step_one_test.getStatusCode()'><b>getStatusCode</b><br>Test class: tests.checkout_step_one_test</td>
<td></td>
<td>0</td>
<td>tests.checkout_step_one_test@6e6c3152</td></tr>
<tr>
<td title='tests.checkout_step_two_test.getStatusCode()'><b>getStatusCode</b><br>Test class: tests.checkout_step_two_test</td>
<td></td>
<td>0</td>
<td>tests.checkout_step_two_test@50b494a6</td></tr>
<tr>
<td title='tests.checkout_complete_test.getStatusCode()'><b>getStatusCode</b><br>Test class: tests.checkout_complete_test</td>
<td></td>
<td>0</td>
<td>tests.checkout_complete_test@3cef309d</td></tr>
<tr>
<td title='tests.login_test.t01_loginFailedFromTable()'><b>t01_loginFailedFromTable</b><br>Test class: tests.login_test<br>Test method: use from table information<br>Parameters: biranvaron, 12345</td>
<td></td>
<td>1</td>
<td>tests.login_test@35d176f7</td></tr>
<tr>
<td title='tests.login_test.t01_loginFailedFromTable()'><b>t01_loginFailedFromTable</b><br>Test class: tests.login_test<br>Test method: use from table information<br>Parameters: varonbiran, 54321</td>
<td></td>
<td>1</td>
<td>tests.login_test@35d176f7</td></tr>
<tr>
<td title='tests.login_test.t01_loginFailedFromTable()'><b>t01_loginFailedFromTable</b><br>Test class: tests.login_test<br>Test method: use from table information<br>Parameters: username, password1541</td>
<td></td>
<td>1</td>
<td>tests.login_test@35d176f7</td></tr>
<tr>
<td title='tests.login_test.t01_loginFailedFromTable()'><b>t01_loginFailedFromTable</b><br>Test class: tests.login_test<br>Test method: use from table information<br>Parameters: userBiran, mycode88</td>
<td></td>
<td>1</td>
<td>tests.login_test@35d176f7</td></tr>
<tr>
<td title='tests.cart_test.t01_loginSucceed()'><b>t01_loginSucceed</b><br>Test class: tests.cart_test</td>
<td></td>
<td>2</td>
<td>tests.cart_test@1dfe2924</td></tr>
<tr>
<td title='tests.inventory_test.t01_loginSucceed()'><b>t01_loginSucceed</b><br>Test class: tests.inventory_test</td>
<td></td>
<td>4</td>
<td>tests.inventory_test@6ebc05a6</td></tr>
<tr>
<td title='tests.checkout_step_one_test.t01_loginSucceed()'><b>t01_loginSucceed</b><br>Test class: tests.checkout_step_one_test</td>
<td></td>
<td>2</td>
<td>tests.checkout_step_one_test@6e6c3152</td></tr>
<tr>
<td title='tests.checkout_step_two_test.t01_loginSucceed()'><b>t01_loginSucceed</b><br>Test class: tests.checkout_step_two_test</td>
<td></td>
<td>2</td>
<td>tests.checkout_step_two_test@50b494a6</td></tr>
<tr>
<td title='tests.checkout_complete_test.t01_loginSucceed()'><b>t01_loginSucceed</b><br>Test class: tests.checkout_complete_test</td>
<td></td>
<td>2</td>
<td>tests.checkout_complete_test@3cef309d</td></tr>
<tr>
<td title='tests.cart_test.t02_addListItems()'><b>t02_addListItems</b><br>Test class: tests.cart_test</td>
<td></td>
<td>0</td>
<td>tests.cart_test@1dfe2924</td></tr>
<tr>
<td title='tests.checkout_step_one_test.t02_addListItems()'><b>t02_addListItems</b><br>Test class: tests.checkout_step_one_test</td>
<td></td>
<td>0</td>
<td>tests.checkout_step_one_test@6e6c3152</td></tr>
<tr>
<td title='tests.checkout_step_two_test.t02_addListItems()'><b>t02_addListItems</b><br>Test class: tests.checkout_step_two_test</td>
<td></td>
<td>0</td>
<td>tests.checkout_step_two_test@50b494a6</td></tr>
<tr>
<td title='tests.checkout_complete_test.t02_addListItems()'><b>t02_addListItems</b><br>Test class: tests.checkout_complete_test</td>
<td></td>
<td>0</td>
<td>tests.checkout_complete_test@3cef309d</td></tr>
<tr>
<td title='tests.inventory_test.t02_addOneItemAndBack()'><b>t02_addOneItemAndBack</b><br>Test class: tests.inventory_test</td>
<td></td>
<td>0</td>
<td>tests.inventory_test@6ebc05a6</td></tr>
<tr>
<td title='tests.login_test.t02_loginFailedMatchAssert()'><b>t02_loginFailedMatchAssert</b><br>Test class: tests.login_test<br>Test method: Login with wrong password and match assert</td>
<td></td>
<td>1</td>
<td>tests.login_test@35d176f7</td></tr>
<tr>
<td title='tests.inventory_test.t03_addListItems()'><b>t03_addListItems</b><br>Test class: tests.inventory_test</td>
<td></td>
<td>0</td>
<td>tests.inventory_test@6ebc05a6</td></tr>
<tr>
<td title='tests.checkout_step_one_test.t03_clickCheckOut()'><b>t03_clickCheckOut</b><br>Test class: tests.checkout_step_one_test</td>
<td></td>
<td>0</td>
<td>tests.checkout_step_one_test@6e6c3152</td></tr>
<tr>
<td title='tests.checkout_step_two_test.t03_clickCheckOut()'><b>t03_clickCheckOut</b><br>Test class: tests.checkout_step_two_test</td>
<td></td>
<td>0</td>
<td>tests.checkout_step_two_test@50b494a6</td></tr>
<tr>
<td title='tests.checkout_complete_test.t03_clickCheckOut()'><b>t03_clickCheckOut</b><br>Test class: tests.checkout_complete_test</td>
<td></td>
<td>0</td>
<td>tests.checkout_complete_test@3cef309d</td></tr>
<tr>
<td title='tests.cart_test.t03_remvoeItem()'><b>t03_remvoeItem</b><br>Test class: tests.cart_test</td>
<td></td>
<td>0</td>
<td>tests.cart_test@1dfe2924</td></tr>
<tr>
<td title='tests.cart_test.t04_continueShopping()'><b>t04_continueShopping</b><br>Test class: tests.cart_test</td>
<td></td>
<td>0</td>
<td>tests.cart_test@1dfe2924</td></tr>
<tr>
<td title='tests.login_test.t04_loginSucceed()'><b>t04_loginSucceed</b><br>Test class: tests.login_test<br>Test method: Login with right username and password</td>
<td></td>
<td>2</td>
<td>tests.login_test@35d176f7</td></tr>
<tr>
<td title='tests.inventory_test.t04_lowToHigh()'><b>t04_lowToHigh</b><br>Test class: tests.inventory_test</td>
<td></td>
<td>0</td>
<td>tests.inventory_test@6ebc05a6</td></tr>
<tr>
<td title='tests.checkout_step_two_test.t04_personalCorrectDetails()'><b>t04_personalCorrectDetails</b><br>Test class: tests.checkout_step_two_test</td>
<td></td>
<td>0</td>
<td>tests.checkout_step_two_test@50b494a6</td></tr>
<tr>
<td title='tests.checkout_complete_test.t04_personalCorrectDetails()'><b>t04_personalCorrectDetails</b><br>Test class: tests.checkout_complete_test</td>
<td></td>
<td>0</td>
<td>tests.checkout_complete_test@3cef309d</td></tr>
<tr>
<td title='tests.checkout_step_one_test.t04_personalWrongFirstName()'><b>t04_personalWrongFirstName</b><br>Test class: tests.checkout_step_one_test</td>
<td></td>
<td>2</td>
<td>tests.checkout_step_one_test@6e6c3152</td></tr>
<tr>
<td title='tests.checkout_complete_test.t05_finish()'><b>t05_finish</b><br>Test class: tests.checkout_complete_test</td>
<td></td>
<td>0</td>
<td>tests.checkout_complete_test@3cef309d</td></tr>
<tr>
<td title='tests.inventory_test.t05_highToLowh()'><b>t05_highToLowh</b><br>Test class: tests.inventory_test</td>
<td></td>
<td>0</td>
<td>tests.inventory_test@6ebc05a6</td></tr>
<tr>
<td title='tests.cart_test.t05_numOfItems()'><b>t05_numOfItems</b><br>Test class: tests.cart_test</td>
<td></td>
<td>1</td>
<td>tests.cart_test@1dfe2924</td></tr>
<tr>
<td title='tests.checkout_step_one_test.t05_personalCorrectDetails()'><b>t05_personalCorrectDetails</b><br>Test class: tests.checkout_step_one_test</td>
<td></td>
<td>0</td>
<td>tests.checkout_step_one_test@6e6c3152</td></tr>
<tr>
<td title='tests.checkout_step_two_test.t05_printSauceCard()'><b>t05_printSauceCard</b><br>Test class: tests.checkout_step_two_test</td>
<td></td>
<td>0</td>
<td>tests.checkout_step_two_test@50b494a6</td></tr>
<tr>
<td title='tests.inventory_test.t06_ZToA()'><b>t06_ZToA</b><br>Test class: tests.inventory_test</td>
<td></td>
<td>0</td>
<td>tests.inventory_test@6ebc05a6</td></tr>
<tr>
<td title='tests.cart_test.t06_clickCheckOut()'><b>t06_clickCheckOut</b><br>Test class: tests.cart_test</td>
<td></td>
<td>0</td>
<td>tests.cart_test@1dfe2924</td></tr>
<tr>
<td title='tests.checkout_step_two_test.t06_printItemTotal()'><b>t06_printItemTotal</b><br>Test class: tests.checkout_step_two_test</td>
<td></td>
<td>0</td>
<td>tests.checkout_step_two_test@50b494a6</td></tr>
<tr>
<td title='tests.checkout_complete_test.t06_printMessage()'><b>t06_printMessage</b><br>Test class: tests.checkout_complete_test</td>
<td></td>
<td>0</td>
<td>tests.checkout_complete_test@3cef309d</td></tr>
<tr>
<td title='tests.checkout_complete_test.t07_finishOrder()'><b>t07_finishOrder</b><br>Test class: tests.checkout_complete_test</td>
<td></td>
<td>0</td>
<td>tests.checkout_complete_test@3cef309d</td></tr>
<tr>
<td title='tests.inventory_test.t07_logOut()'><b>t07_logOut</b><br>Test class: tests.inventory_test</td>
<td></td>
<td>0</td>
<td>tests.inventory_test@6ebc05a6</td></tr>
<tr>
<td title='tests.checkout_step_two_test.t07_printTax()'><b>t07_printTax</b><br>Test class: tests.checkout_step_two_test</td>
<td></td>
<td>0</td>
<td>tests.checkout_step_two_test@50b494a6</td></tr>
<tr>
<td title='tests.checkout_step_two_test.t08_printTotal()'><b>t08_printTotal</b><br>Test class: tests.checkout_step_two_test</td>
<td></td>
<td>0</td>
<td>tests.checkout_step_two_test@50b494a6</td></tr>
<tr>
<td title='tests.checkout_step_two_test.t09_finish()'><b>t09_finish</b><br>Test class: tests.checkout_step_two_test</td>
<td></td>
<td>0</td>
<td>tests.checkout_step_two_test@50b494a6</td></tr>
<tr>
<td title='tests.checkout_complete_test.t09_logOut()'><b>t09_logOut</b><br>Test class: tests.checkout_complete_test</td>
<td></td>
<td>0</td>
<td>tests.checkout_complete_test@3cef309d</td></tr>
</table><p>
</body>
</html>