<html>
<head>
<title>TestNG:  Test</title>
<link href="../testng.css" rel="stylesheet" type="text/css" />
<link href="../my-testng.css" rel="stylesheet" type="text/css" />

<style type="text/css">
.log { display: none;} 
.stack-trace { display: none;} 
</style>
<script type="text/javascript">
<!--
function flip(e) {
  current = e.style.display;
  if (current == 'block') {
    e.style.display = 'none';
    return 0;
  }
  else {
    e.style.display = 'block';
    return 1;
  }
}

function toggleBox(szDivId, elem, msg1, msg2)
{
  var res = -1;  if (document.getElementById) {
    res = flip(document.getElementById(szDivId));
  }
  else if (document.all) {
    // this is the way old msie versions work
    res = flip(document.all[szDivId]);
  }
  if(elem) {
    if(res == 0) elem.innerHTML = msg1; else elem.innerHTML = msg2;
  }

}

function toggleAllBoxes() {
  if (document.getElementsByTagName) {
    d = document.getElementsByTagName('div');
    for (i = 0; i < d.length; i++) {
      if (d[i].className == 'log') {
        flip(d[i]);
      }
    }
  }
}

// -->
</script>

</head>
<body>
<h2 align='center'>Test</h2><table border='1' align="center">
<tr>
<td>Tests passed/Failed/Skipped:</td><td>42/1/0</td>
</tr><tr>
<td>Started on:</td><td>Fri May 08 15:10:28 IDT 2020</td>
</tr>
<tr><td>Total time:</td><td>66 seconds (66772 ms)</td>
</tr><tr>
<td>Included groups:</td><td></td>
</tr><tr>
<td>Excluded groups:</td><td></td>
</tr>
</table><p/>
<small><i>(Hover the method name to see the test class name)</i></small><p/>
<table width='100%' border='1' class='invocation-failed'>
<tr><td colspan='4' align='center'><b>FAILED TESTS</b></td></tr>
<tr><td><b>Test method</b></td>
<td width="30%"><b>Exception</b></td>
<td width="10%"><b>Time (seconds)</b></td>
<td><b>Instance</b></td>
</tr>
<tr>
<td title='tests.Login_test.t03_loginFailedNoMatchAssert()'><b>t03_loginFailedNoMatchAssert</b><br>Test class: tests.Login_test<br>Test method: Login with wrong password with unmatch assert</td>
<td><div><pre>java.lang.AssertionError: expected [Sorry! Epic sadface: Username and password do not match any user in this service] but found [Epic sadface: Username and password do not match any user in this service]
	at tests.Login_test.t03_loginFailedNoMatchAssert(Login_test.java:48)
... Removed 31 stack frames</pre></div><a href='#' onClick='toggleBox("stack-trace1021790474", this, "Click to show all stack frames", "Click to hide stack frames")'>Click to show all stack frames</a>
<div class='stack-trace' id='stack-trace1021790474'><pre>java.lang.AssertionError: expected [Sorry! Epic sadface: Username and password do not match any user in this service] but found [Epic sadface: Username and password do not match any user in this service]
	at org.testng.Assert.fail(Assert.java:96)
	at org.testng.Assert.failNotEquals(Assert.java:776)
	at org.testng.Assert.assertEqualsImpl(Assert.java:137)
	at org.testng.Assert.assertEquals(Assert.java:118)
	at org.testng.Assert.assertEquals(Assert.java:453)
	at org.testng.Assert.assertEquals(Assert.java:463)
	at tests.Login_test.t03_loginFailedNoMatchAssert(Login_test.java:48)
	at java.base/jdk.internal.reflect.NativeMethodAccessorImpl.invoke0(Native Method)
	at java.base/jdk.internal.reflect.NativeMethodAccessorImpl.invoke(NativeMethodAccessorImpl.java:62)
	at java.base/jdk.internal.reflect.DelegatingMethodAccessorImpl.invoke(DelegatingMethodAccessorImpl.java:43)
	at java.base/java.lang.reflect.Method.invoke(Method.java:566)
	at org.testng.internal.MethodInvocationHelper.invokeMethod(MethodInvocationHelper.java:124)
	at org.testng.internal.Invoker.invokeMethod(Invoker.java:583)
	at org.testng.internal.Invoker.invokeTestMethod(Invoker.java:719)
	at org.testng.internal.Invoker.invokeTestMethods(Invoker.java:989)
	at org.testng.internal.TestMethodWorker.invokeTestMethods(TestMethodWorker.java:125)
	at org.testng.internal.TestMethodWorker.run(TestMethodWorker.java:109)
	at org.testng.TestRunner.privateRun(TestRunner.java:648)
	at org.testng.TestRunner.run(TestRunner.java:505)
	at org.testng.SuiteRunner.runTest(SuiteRunner.java:455)
	at org.testng.SuiteRunner.runSequentially(SuiteRunner.java:450)
	at org.testng.SuiteRunner.privateRun(SuiteRunner.java:415)
	at org.testng.SuiteRunner.run(SuiteRunner.java:364)
	at org.testng.SuiteRunnerWorker.runSuite(SuiteRunnerWorker.java:52)
	at org.testng.SuiteRunnerWorker.run(SuiteRunnerWorker.java:84)
	at org.testng.TestNG.runSuitesSequentially(TestNG.java:1208)
	at org.testng.TestNG.runSuitesLocally(TestNG.java:1137)
	at org.testng.TestNG.runSuites(TestNG.java:1049)
	at org.testng.TestNG.run(TestNG.java:1017)
	at org.testng.remote.AbstractRemoteTestNG.run(AbstractRemoteTestNG.java:115)
	at org.testng.remote.RemoteTestNG.initAndRun(RemoteTestNG.java:251)
	at org.testng.remote.RemoteTestNG.main(RemoteTestNG.java:77)
</pre></div></td>
<td>1</td>
<td>tests.Login_test@4d6ee47</td></tr>
</table><p>
<table width='100%' border='1' class='invocation-passed'>
<tr><td colspan='4' align='center'><b>PASSED TESTS</b></td></tr>
<tr><td><b>Test method</b></td>
<td width="30%"><b>Exception</b></td>
<td width="10%"><b>Time (seconds)</b></td>
<td><b>Instance</b></td>
</tr>
<tr>
<td title='tests.Login_test.t01_loginFailedFromTable()'><b>t01_loginFailedFromTable</b><br>Test class: tests.Login_test<br>Test method: use from table information<br>Parameters: biranvaron, 12345</td>
<td></td>
<td>1</td>
<td>tests.Login_test@4d6ee47</td></tr>
<tr>
<td title='tests.Login_test.t01_loginFailedFromTable()'><b>t01_loginFailedFromTable</b><br>Test class: tests.Login_test<br>Test method: use from table information<br>Parameters: varonbiran, 54321</td>
<td></td>
<td>1</td>
<td>tests.Login_test@4d6ee47</td></tr>
<tr>
<td title='tests.Login_test.t01_loginFailedFromTable()'><b>t01_loginFailedFromTable</b><br>Test class: tests.Login_test<br>Test method: use from table information<br>Parameters: username, password1541</td>
<td></td>
<td>1</td>
<td>tests.Login_test@4d6ee47</td></tr>
<tr>
<td title='tests.Login_test.t01_loginFailedFromTable()'><b>t01_loginFailedFromTable</b><br>Test class: tests.Login_test<br>Test method: use from table information<br>Parameters: userBiran, mycode88</td>
<td></td>
<td>1</td>
<td>tests.Login_test@4d6ee47</td></tr>
<tr>
<td title='tests.Overview_test.t01_loginSucceed()'><b>t01_loginSucceed</b><br>Test class: tests.Overview_test</td>
<td></td>
<td>1</td>
<td>tests.Overview_test@3bae64d0</td></tr>
<tr>
<td title='tests.Checkout_test.t01_loginSucceed()'><b>t01_loginSucceed</b><br>Test class: tests.Checkout_test</td>
<td></td>
<td>1</td>
<td>tests.Checkout_test@a33b4e3</td></tr>
<tr>
<td title='tests.Thanks_test.t01_loginSucceed()'><b>t01_loginSucceed</b><br>Test class: tests.Thanks_test</td>
<td></td>
<td>1</td>
<td>tests.Thanks_test@8b91134</td></tr>
<tr>
<td title='tests.Products_test.t01_loginSucceed()'><b>t01_loginSucceed</b><br>Test class: tests.Products_test</td>
<td></td>
<td>2</td>
<td>tests.Products_test@c6da8bb</td></tr>
<tr>
<td title='tests.Cart_test.t01_loginSucceed()'><b>t01_loginSucceed</b><br>Test class: tests.Cart_test</td>
<td></td>
<td>1</td>
<td>tests.Cart_test@1fba386c</td></tr>
<tr>
<td title='tests.Overview_test.t02_addListItems()'><b>t02_addListItems</b><br>Test class: tests.Overview_test</td>
<td></td>
<td>0</td>
<td>tests.Overview_test@3bae64d0</td></tr>
<tr>
<td title='tests.Checkout_test.t02_addListItems()'><b>t02_addListItems</b><br>Test class: tests.Checkout_test</td>
<td></td>
<td>0</td>
<td>tests.Checkout_test@a33b4e3</td></tr>
<tr>
<td title='tests.Thanks_test.t02_addListItems()'><b>t02_addListItems</b><br>Test class: tests.Thanks_test</td>
<td></td>
<td>0</td>
<td>tests.Thanks_test@8b91134</td></tr>
<tr>
<td title='tests.Cart_test.t02_addListItems()'><b>t02_addListItems</b><br>Test class: tests.Cart_test</td>
<td></td>
<td>0</td>
<td>tests.Cart_test@1fba386c</td></tr>
<tr>
<td title='tests.Products_test.t02_addOneItemAndBack()'><b>t02_addOneItemAndBack</b><br>Test class: tests.Products_test</td>
<td></td>
<td>0</td>
<td>tests.Products_test@c6da8bb</td></tr>
<tr>
<td title='tests.Login_test.t02_loginFailedMatchAssert()'><b>t02_loginFailedMatchAssert</b><br>Test class: tests.Login_test<br>Test method: Login with wrong password and match assert</td>
<td></td>
<td>1</td>
<td>tests.Login_test@4d6ee47</td></tr>
<tr>
<td title='tests.Products_test.t03_addListItems()'><b>t03_addListItems</b><br>Test class: tests.Products_test</td>
<td></td>
<td>0</td>
<td>tests.Products_test@c6da8bb</td></tr>
<tr>
<td title='tests.Overview_test.t03_clickCheckOut()'><b>t03_clickCheckOut</b><br>Test class: tests.Overview_test</td>
<td></td>
<td>0</td>
<td>tests.Overview_test@3bae64d0</td></tr>
<tr>
<td title='tests.Checkout_test.t03_clickCheckOut()'><b>t03_clickCheckOut</b><br>Test class: tests.Checkout_test</td>
<td></td>
<td>0</td>
<td>tests.Checkout_test@a33b4e3</td></tr>
<tr>
<td title='tests.Thanks_test.t03_clickCheckOut()'><b>t03_clickCheckOut</b><br>Test class: tests.Thanks_test</td>
<td></td>
<td>0</td>
<td>tests.Thanks_test@8b91134</td></tr>
<tr>
<td title='tests.Cart_test.t03_remvoeItem()'><b>t03_remvoeItem</b><br>Test class: tests.Cart_test</td>
<td></td>
<td>0</td>
<td>tests.Cart_test@1fba386c</td></tr>
<tr>
<td title='tests.Cart_test.t04_continueShopping()'><b>t04_continueShopping</b><br>Test class: tests.Cart_test</td>
<td></td>
<td>0</td>
<td>tests.Cart_test@1fba386c</td></tr>
<tr>
<td title='tests.Login_test.t04_loginSucceed()'><b>t04_loginSucceed</b><br>Test class: tests.Login_test<br>Test method: Login with right username and password</td>
<td></td>
<td>1</td>
<td>tests.Login_test@4d6ee47</td></tr>
<tr>
<td title='tests.Products_test.t04_lowToHigh()'><b>t04_lowToHigh</b><br>Test class: tests.Products_test</td>
<td></td>
<td>0</td>
<td>tests.Products_test@c6da8bb</td></tr>
<tr>
<td title='tests.Overview_test.t04_personalCorrectDetails()'><b>t04_personalCorrectDetails</b><br>Test class: tests.Overview_test</td>
<td></td>
<td>0</td>
<td>tests.Overview_test@3bae64d0</td></tr>
<tr>
<td title='tests.Thanks_test.t04_personalCorrectDetails()'><b>t04_personalCorrectDetails</b><br>Test class: tests.Thanks_test</td>
<td></td>
<td>0</td>
<td>tests.Thanks_test@8b91134</td></tr>
<tr>
<td title='tests.Checkout_test.t04_personalWrongFirstName()'><b>t04_personalWrongFirstName</b><br>Test class: tests.Checkout_test</td>
<td></td>
<td>2</td>
<td>tests.Checkout_test@a33b4e3</td></tr>
<tr>
<td title='tests.Thanks_test.t05_finish()'><b>t05_finish</b><br>Test class: tests.Thanks_test</td>
<td></td>
<td>0</td>
<td>tests.Thanks_test@8b91134</td></tr>
<tr>
<td title='tests.Products_test.t05_highToLowh()'><b>t05_highToLowh</b><br>Test class: tests.Products_test</td>
<td></td>
<td>0</td>
<td>tests.Products_test@c6da8bb</td></tr>
<tr>
<td title='tests.Cart_test.t05_numOfItems()'><b>t05_numOfItems</b><br>Test class: tests.Cart_test</td>
<td></td>
<td>1</td>
<td>tests.Cart_test@1fba386c</td></tr>
<tr>
<td title='tests.Checkout_test.t05_personalCorrectDetails()'><b>t05_personalCorrectDetails</b><br>Test class: tests.Checkout_test</td>
<td></td>
<td>0</td>
<td>tests.Checkout_test@a33b4e3</td></tr>
<tr>
<td title='tests.Overview_test.t05_printSauceCard()'><b>t05_printSauceCard</b><br>Test class: tests.Overview_test</td>
<td></td>
<td>0</td>
<td>tests.Overview_test@3bae64d0</td></tr>
<tr>
<td title='tests.Products_test.t06_ZToA()'><b>t06_ZToA</b><br>Test class: tests.Products_test</td>
<td></td>
<td>0</td>
<td>tests.Products_test@c6da8bb</td></tr>
<tr>
<td title='tests.Cart_test.t06_clickCheckOut()'><b>t06_clickCheckOut</b><br>Test class: tests.Cart_test</td>
<td></td>
<td>0</td>
<td>tests.Cart_test@1fba386c</td></tr>
<tr>
<td title='tests.Overview_test.t06_printItemTotal()'><b>t06_printItemTotal</b><br>Test class: tests.Overview_test</td>
<td></td>
<td>0</td>
<td>tests.Overview_test@3bae64d0</td></tr>
<tr>
<td title='tests.Thanks_test.t06_printMessage()'><b>t06_printMessage</b><br>Test class: tests.Thanks_test</td>
<td></td>
<td>0</td>
<td>tests.Thanks_test@8b91134</td></tr>
<tr>
<td title='tests.Thanks_test.t07_finishOrder()'><b>t07_finishOrder</b><br>Test class: tests.Thanks_test</td>
<td></td>
<td>0</td>
<td>tests.Thanks_test@8b91134</td></tr>
<tr>
<td title='tests.Products_test.t07_logOut()'><b>t07_logOut</b><br>Test class: tests.Products_test</td>
<td></td>
<td>0</td>
<td>tests.Products_test@c6da8bb</td></tr>
<tr>
<td title='tests.Overview_test.t07_printTax()'><b>t07_printTax</b><br>Test class: tests.Overview_test</td>
<td></td>
<td>0</td>
<td>tests.Overview_test@3bae64d0</td></tr>
<tr>
<td title='tests.Thanks_test.t08_captureScreenshot()'><b>t08_captureScreenshot</b><br>Test class: tests.Thanks_test</td>
<td></td>
<td>0</td>
<td>tests.Thanks_test@8b91134</td></tr>
<tr>
<td title='tests.Overview_test.t08_printTotal()'><b>t08_printTotal</b><br>Test class: tests.Overview_test</td>
<td></td>
<td>0</td>
<td>tests.Overview_test@3bae64d0</td></tr>
<tr>
<td title='tests.Overview_test.t09_finish()'><b>t09_finish</b><br>Test class: tests.Overview_test</td>
<td></td>
<td>0</td>
<td>tests.Overview_test@3bae64d0</td></tr>
<tr>
<td title='tests.Thanks_test.t09_logOut()'><b>t09_logOut</b><br>Test class: tests.Thanks_test</td>
<td></td>
<td>0</td>
<td>tests.Thanks_test@8b91134</td></tr>
</table><p>
</body>
</html>