<?xml version="1.0" encoding="UTF-8"?>
<!-- Generated by org.testng.reporters.JUnitXMLReporter -->
<testsuite ignored="0" hostname="DESKTOP-KTHKFE5" failures="1" tests="43" name="Test" time="66.772" errors="0" timestamp="08 May 2020 12:11:34 GMT">
  <testcase classname="tests.Login_test" name="t01_loginFailedFromTable" time="1.368"/>
  <testcase classname="tests.Login_test" name="t01_loginFailedFromTable" time="1.218"/>
  <testcase classname="tests.Login_test" name="t01_loginFailedFromTable" time="1.217"/>
  <testcase classname="tests.Login_test" name="t01_loginFailedFromTable" time="1.214"/>
  <testcase classname="tests.Login_test" name="t02_loginFailedMatchAssert" time="1.246"/>
  <testcase classname="tests.Login_test" name="t03_loginFailedNoMatchAssert" time="1.222">
    <failure type="java.lang.AssertionError" message="expected [Sorry! Epic sadface: Username and password do not match any user in this service] but found [Epic sadface: Username and password do not match any user in this service]">
      <![CDATA[java.lang.AssertionError: expected [Sorry! Epic sadface: Username and password do not match any user in this service] but found [Epic sadface: Username and password do not match any user in this service]
at tests.Login_test.t03_loginFailedNoMatchAssert(Login_test.java:48)
... Removed 31 stack frames]]>
    </failure>
  </testcase> <!-- t03_loginFailedNoMatchAssert -->
  <testcase classname="tests.Login_test" name="t04_loginSucceed" time="1.86"/>
  <testcase classname="tests.Overview_test" name="t01_loginSucceed" time="1.915"/>
  <testcase classname="tests.Overview_test" name="t02_addListItems" time="0.408"/>
  <testcase classname="tests.Overview_test" name="t03_clickCheckOut" time="0.119"/>
  <testcase classname="tests.Overview_test" name="t04_personalCorrectDetails" time="0.404"/>
  <testcase classname="tests.Overview_test" name="t05_printSauceCard" time="0.033"/>
  <testcase classname="tests.Overview_test" name="t06_printItemTotal" time="0.032"/>
  <testcase classname="tests.Overview_test" name="t07_printTax" time="0.034"/>
  <testcase classname="tests.Overview_test" name="t08_printTotal" time="0.032"/>
  <testcase classname="tests.Overview_test" name="t09_finish" time="0.129"/>
  <testcase classname="tests.Checkout_test" name="t01_loginSucceed" time="1.922"/>
  <testcase classname="tests.Checkout_test" name="t02_addListItems" time="0.412"/>
  <testcase classname="tests.Checkout_test" name="t03_clickCheckOut" time="0.117"/>
  <testcase classname="tests.Checkout_test" name="t04_personalWrongFirstName" time="2.347"/>
  <testcase classname="tests.Checkout_test" name="t05_personalCorrectDetails" time="0.334"/>
  <testcase classname="tests.Thanks_test" name="t01_loginSucceed" time="1.904"/>
  <testcase classname="tests.Thanks_test" name="t02_addListItems" time="0.396"/>
  <testcase classname="tests.Thanks_test" name="t03_clickCheckOut" time="0.112"/>
  <testcase classname="tests.Thanks_test" name="t04_personalCorrectDetails" time="0.41"/>
  <testcase classname="tests.Thanks_test" name="t05_finish" time="0.126"/>
  <testcase classname="tests.Thanks_test" name="t06_printMessage" time="0.039"/>
  <testcase classname="tests.Thanks_test" name="t07_finishOrder" time="0.012"/>
  <testcase classname="tests.Thanks_test" name="t08_captureScreenshot" time="0.319"/>
  <testcase classname="tests.Thanks_test" name="t09_logOut" time="0.183"/>
  <testcase classname="tests.Products_test" name="t01_loginSucceed" time="2.903"/>
  <testcase classname="tests.Products_test" name="t02_addOneItemAndBack" time="0.26"/>
  <testcase classname="tests.Products_test" name="t03_addListItems" time="0.324"/>
  <testcase classname="tests.Products_test" name="t04_lowToHigh" time="0.093"/>
  <testcase classname="tests.Products_test" name="t05_highToLowh" time="0.073"/>
  <testcase classname="tests.Products_test" name="t06_ZToA" time="0.084"/>
  <testcase classname="tests.Products_test" name="t07_logOut" time="0.22"/>
  <testcase classname="tests.Cart_test" name="t01_loginSucceed" time="1.906"/>
  <testcase classname="tests.Cart_test" name="t02_addListItems" time="0.404"/>
  <testcase classname="tests.Cart_test" name="t03_remvoeItem" time="0.052"/>
  <testcase classname="tests.Cart_test" name="t04_continueShopping" time="0.192"/>
  <testcase classname="tests.Cart_test" name="t05_numOfItems" time="1.03"/>
  <testcase classname="tests.Cart_test" name="t06_clickCheckOut" time="0.108"/>
</testsuite> <!-- Test -->
