<?xml version="1.0" encoding="UTF-8"?>
<testng-results skipped="0" failed="1" ignored="0" total="56" passed="55">
  <reporter-output>
    <line>
      <![CDATA[======# Browser Test End #======]]>
    </line>
    <line>
      <![CDATA[======# Browser Test End #======]]>
    </line>
    <line>
      <![CDATA[======# Browser Test End #======]]>
    </line>
    <line>
      <![CDATA[======# Browser Test End #======]]>
    </line>
    <line>
      <![CDATA[======# Browser Test End #======]]>
    </line>
    <line>
      <![CDATA[======# Browser Test End #======]]>
    </line>
    <line>
      <![CDATA[======# Browser Test End #======]]>
    </line>
  </reporter-output>
  <suite name="Suite" duration-ms="88783" started-at="2020-11-29T16:31:27 IST" finished-at="2020-11-29T16:32:56 IST">
    <groups>
    </groups>
    <test name="Test" duration-ms="88783" started-at="2020-11-29T16:31:27 IST" finished-at="2020-11-29T16:32:56 IST">
      <class name="tests.login_test">
        <test-method status="PASS" signature="setup(org.testng.ITestContext)[pri:0, instance:tests.login_test@35d176f7]" name="setup" is-config="true" duration-ms="5804" started-at="2020-11-29T16:31:36 IST" finished-at="2020-11-29T16:31:42 IST">
          <params>
            <param index="0">
              <value>
                <![CDATA[org.testng.TestRunner@3e2d44f3]]>
              </value>
            </param>
          </params>
          <reporter-output>
          </reporter-output>
        </test-method> <!-- setup -->
        <test-method status="PASS" signature="getResponseTime()[pri:0, instance:tests.login_test@35d176f7]" name="getResponseTime" duration-ms="481" started-at="2020-11-29T16:31:42 IST" finished-at="2020-11-29T16:31:42 IST">
          <reporter-output>
          </reporter-output>
        </test-method> <!-- getResponseTime -->
        <test-method status="PASS" signature="getStatusCode()[pri:0, instance:tests.login_test@35d176f7]" name="getStatusCode" duration-ms="500" started-at="2020-11-29T16:31:42 IST" finished-at="2020-11-29T16:31:43 IST">
          <reporter-output>
          </reporter-output>
        </test-method> <!-- getStatusCode -->
        <test-method status="PASS" signature="t01_loginFailedFromTable(java.lang.String, java.lang.String)[pri:0, instance:tests.login_test@35d176f7]" name="t01_loginFailedFromTable" duration-ms="1422" started-at="2020-11-29T16:31:43 IST" description="use from table information" data-provider="getData" finished-at="2020-11-29T16:31:44 IST">
          <params>
            <param index="0">
              <value>
                <![CDATA[biranvaron]]>
              </value>
            </param>
            <param index="1">
              <value>
                <![CDATA[12345]]>
              </value>
            </param>
          </params>
          <reporter-output>
          </reporter-output>
        </test-method> <!-- t01_loginFailedFromTable -->
        <test-method status="PASS" signature="t01_loginFailedFromTable(java.lang.String, java.lang.String)[pri:0, instance:tests.login_test@35d176f7]" name="t01_loginFailedFromTable" duration-ms="1354" started-at="2020-11-29T16:31:44 IST" description="use from table information" data-provider="getData" finished-at="2020-11-29T16:31:46 IST">
          <params>
            <param index="0">
              <value>
                <![CDATA[varonbiran]]>
              </value>
            </param>
            <param index="1">
              <value>
                <![CDATA[54321]]>
              </value>
            </param>
          </params>
          <reporter-output>
          </reporter-output>
        </test-method> <!-- t01_loginFailedFromTable -->
        <test-method status="PASS" signature="t01_loginFailedFromTable(java.lang.String, java.lang.String)[pri:0, instance:tests.login_test@35d176f7]" name="t01_loginFailedFromTable" duration-ms="1363" started-at="2020-11-29T16:31:46 IST" description="use from table information" data-provider="getData" finished-at="2020-11-29T16:31:47 IST">
          <params>
            <param index="0">
              <value>
                <![CDATA[username]]>
              </value>
            </param>
            <param index="1">
              <value>
                <![CDATA[password1541]]>
              </value>
            </param>
          </params>
          <reporter-output>
          </reporter-output>
        </test-method> <!-- t01_loginFailedFromTable -->
        <test-method status="PASS" signature="t01_loginFailedFromTable(java.lang.String, java.lang.String)[pri:0, instance:tests.login_test@35d176f7]" name="t01_loginFailedFromTable" duration-ms="1364" started-at="2020-11-29T16:31:47 IST" description="use from table information" data-provider="getData" finished-at="2020-11-29T16:31:48 IST">
          <params>
            <param index="0">
              <value>
                <![CDATA[userBiran]]>
              </value>
            </param>
            <param index="1">
              <value>
                <![CDATA[mycode88]]>
              </value>
            </param>
          </params>
          <reporter-output>
          </reporter-output>
        </test-method> <!-- t01_loginFailedFromTable -->
        <test-method status="PASS" signature="t02_loginFailedMatchAssert()[pri:0, instance:tests.login_test@35d176f7]" name="t02_loginFailedMatchAssert" duration-ms="1352" started-at="2020-11-29T16:31:48 IST" description="Login with wrong password and match assert" finished-at="2020-11-29T16:31:50 IST">
          <reporter-output>
          </reporter-output>
        </test-method> <!-- t02_loginFailedMatchAssert -->
        <test-method status="FAIL" signature="t03_loginFailedNoMatchAssert()[pri:0, instance:tests.login_test@35d176f7]" name="t03_loginFailedNoMatchAssert" duration-ms="1352" started-at="2020-11-29T16:31:50 IST" description="Login with wrong password with unmatch assert" finished-at="2020-11-29T16:31:51 IST">
          <exception class="java.lang.AssertionError">
            <message>
              <![CDATA[expected [Sorry! Epic sadface: Username and password do not match any user in this service] but found [Epic sadface: Username and password do not match any user in this service]]]>
            </message>
            <full-stacktrace>
              <![CDATA[java.lang.AssertionError: expected [Sorry! Epic sadface: Username and password do not match any user in this service] but found [Epic sadface: Username and password do not match any user in this service]
at org.testng.Assert.fail(Assert.java:97)
at org.testng.Assert.assertEqualsImpl(Assert.java:136)
at org.testng.Assert.assertEquals(Assert.java:118)
at org.testng.Assert.assertEquals(Assert.java:575)
at org.testng.Assert.assertEquals(Assert.java:585)
at tests.login_test.t03_loginFailedNoMatchAssert(login_test.java:33)
at sun.reflect.NativeMethodAccessorImpl.invoke0(Native Method)
at sun.reflect.NativeMethodAccessorImpl.invoke(NativeMethodAccessorImpl.java:62)
at sun.reflect.DelegatingMethodAccessorImpl.invoke(DelegatingMethodAccessorImpl.java:43)
at java.lang.reflect.Method.invoke(Method.java:498)
at org.testng.internal.MethodInvocationHelper.invokeMethod(MethodInvocationHelper.java:134)
at org.testng.internal.TestInvoker.invokeMethod(TestInvoker.java:597)
at org.testng.internal.TestInvoker.invokeTestMethod(TestInvoker.java:173)
at org.testng.internal.MethodRunner.runInSequence(MethodRunner.java:46)
at org.testng.internal.TestInvoker$MethodInvocationAgent.invoke(TestInvoker.java:816)
at org.testng.internal.TestInvoker.invokeTestMethods(TestInvoker.java:146)
at org.testng.internal.TestMethodWorker.invokeTestMethods(TestMethodWorker.java:146)
at org.testng.internal.TestMethodWorker.run(TestMethodWorker.java:128)
at java.util.ArrayList.forEach(ArrayList.java:1257)
at org.testng.TestRunner.privateRun(TestRunner.java:766)
at org.testng.TestRunner.run(TestRunner.java:587)
at org.testng.SuiteRunner.runTest(SuiteRunner.java:384)
at org.testng.SuiteRunner.runSequentially(SuiteRunner.java:378)
at org.testng.SuiteRunner.privateRun(SuiteRunner.java:337)
at org.testng.SuiteRunner.run(SuiteRunner.java:286)
at org.testng.SuiteRunnerWorker.runSuite(SuiteRunnerWorker.java:53)
at org.testng.SuiteRunnerWorker.run(SuiteRunnerWorker.java:96)
at org.testng.TestNG.runSuitesSequentially(TestNG.java:1187)
at org.testng.TestNG.runSuitesLocally(TestNG.java:1109)
at org.testng.TestNG.runSuites(TestNG.java:1039)
at org.testng.TestNG.run(TestNG.java:1007)
at org.apache.maven.surefire.testng.TestNGExecutor.run(TestNGExecutor.java:283)
at org.apache.maven.surefire.testng.TestNGXmlTestSuite.execute(TestNGXmlTestSuite.java:75)
at org.apache.maven.surefire.testng.TestNGProvider.invoke(TestNGProvider.java:120)
at org.apache.maven.surefire.booter.ForkedBooter.runSuitesInProcess(ForkedBooter.java:377)
at org.apache.maven.surefire.booter.ForkedBooter.execute(ForkedBooter.java:138)
at org.apache.maven.surefire.booter.ForkedBooter.run(ForkedBooter.java:465)
at org.apache.maven.surefire.booter.ForkedBooter.main(ForkedBooter.java:451)
]]>
            </full-stacktrace>
          </exception> <!-- java.lang.AssertionError -->
          <reporter-output>
          </reporter-output>
        </test-method> <!-- t03_loginFailedNoMatchAssert -->
        <test-method status="PASS" signature="t04_loginSucceed()[pri:0, instance:tests.login_test@35d176f7]" name="t04_loginSucceed" duration-ms="2131" started-at="2020-11-29T16:31:51 IST" description="Login with right username and password" finished-at="2020-11-29T16:31:53 IST">
          <reporter-output>
          </reporter-output>
        </test-method> <!-- t04_loginSucceed -->
        <test-method status="PASS" signature="tearDown()[pri:0, instance:tests.login_test@35d176f7]" name="tearDown" is-config="true" duration-ms="638" started-at="2020-11-29T16:31:53 IST" finished-at="2020-11-29T16:31:54 IST">
          <reporter-output>
            <line>
              <![CDATA[======# Browser Test End #======]]>
            </line>
          </reporter-output>
        </test-method> <!-- tearDown -->
      </class> <!-- tests.login_test -->
      <class name="tests.base_test">
        <test-method status="PASS" signature="setup(org.testng.ITestContext)[pri:0, instance:tests.base_test@551aa95a]" name="setup" is-config="true" duration-ms="6490" started-at="2020-11-29T16:31:27 IST" finished-at="2020-11-29T16:31:34 IST">
          <params>
            <param index="0">
              <value>
                <![CDATA[org.testng.TestRunner@3e2d44f3]]>
              </value>
            </param>
          </params>
          <reporter-output>
          </reporter-output>
        </test-method> <!-- setup -->
        <test-method status="PASS" signature="getResponseTime()[pri:0, instance:tests.base_test@551aa95a]" name="getResponseTime" duration-ms="1216" started-at="2020-11-29T16:31:34 IST" finished-at="2020-11-29T16:31:35 IST">
          <reporter-output>
          </reporter-output>
        </test-method> <!-- getResponseTime -->
        <test-method status="PASS" signature="getStatusCode()[pri:0, instance:tests.base_test@551aa95a]" name="getStatusCode" duration-ms="498" started-at="2020-11-29T16:31:35 IST" finished-at="2020-11-29T16:31:35 IST">
          <reporter-output>
          </reporter-output>
        </test-method> <!-- getStatusCode -->
        <test-method status="PASS" signature="tearDown()[pri:0, instance:tests.base_test@551aa95a]" name="tearDown" is-config="true" duration-ms="623" started-at="2020-11-29T16:31:35 IST" finished-at="2020-11-29T16:31:36 IST">
          <reporter-output>
            <line>
              <![CDATA[======# Browser Test End #======]]>
            </line>
          </reporter-output>
        </test-method> <!-- tearDown -->
      </class> <!-- tests.base_test -->
      <class name="tests.checkout_step_one_test">
        <test-method status="PASS" signature="setup(org.testng.ITestContext)[pri:0, instance:tests.checkout_step_one_test@6e6c3152]" name="setup" is-config="true" duration-ms="5830" started-at="2020-11-29T16:32:19 IST" finished-at="2020-11-29T16:32:25 IST">
          <params>
            <param index="0">
              <value>
                <![CDATA[org.testng.TestRunner@3e2d44f3]]>
              </value>
            </param>
          </params>
          <reporter-output>
          </reporter-output>
        </test-method> <!-- setup -->
        <test-method status="PASS" signature="getResponseTime()[pri:0, instance:tests.checkout_step_one_test@6e6c3152]" name="getResponseTime" duration-ms="472" started-at="2020-11-29T16:32:25 IST" finished-at="2020-11-29T16:32:25 IST">
          <reporter-output>
          </reporter-output>
        </test-method> <!-- getResponseTime -->
        <test-method status="PASS" signature="getStatusCode()[pri:0, instance:tests.checkout_step_one_test@6e6c3152]" name="getStatusCode" duration-ms="740" started-at="2020-11-29T16:32:25 IST" finished-at="2020-11-29T16:32:26 IST">
          <reporter-output>
          </reporter-output>
        </test-method> <!-- getStatusCode -->
        <test-method status="PASS" signature="t01_loginSucceed()[pri:0, instance:tests.checkout_step_one_test@6e6c3152]" name="t01_loginSucceed" duration-ms="2199" started-at="2020-11-29T16:32:26 IST" finished-at="2020-11-29T16:32:28 IST">
          <reporter-output>
          </reporter-output>
        </test-method> <!-- t01_loginSucceed -->
        <test-method status="PASS" signature="t02_addListItems()[pri:0, instance:tests.checkout_step_one_test@6e6c3152]" name="t02_addListItems" duration-ms="563" started-at="2020-11-29T16:32:28 IST" finished-at="2020-11-29T16:32:29 IST">
          <reporter-output>
          </reporter-output>
        </test-method> <!-- t02_addListItems -->
        <test-method status="PASS" signature="t03_clickCheckOut()[pri:0, instance:tests.checkout_step_one_test@6e6c3152]" name="t03_clickCheckOut" duration-ms="190" started-at="2020-11-29T16:32:29 IST" finished-at="2020-11-29T16:32:29 IST">
          <reporter-output>
          </reporter-output>
        </test-method> <!-- t03_clickCheckOut -->
        <test-method status="PASS" signature="t04_personalWrongFirstName()[pri:0, instance:tests.checkout_step_one_test@6e6c3152]" name="t04_personalWrongFirstName" duration-ms="2504" started-at="2020-11-29T16:32:29 IST" finished-at="2020-11-29T16:32:31 IST">
          <reporter-output>
          </reporter-output>
        </test-method> <!-- t04_personalWrongFirstName -->
        <test-method status="PASS" signature="t05_personalCorrectDetails()[pri:0, instance:tests.checkout_step_one_test@6e6c3152]" name="t05_personalCorrectDetails" duration-ms="583" started-at="2020-11-29T16:32:31 IST" finished-at="2020-11-29T16:32:32 IST">
          <reporter-output>
          </reporter-output>
        </test-method> <!-- t05_personalCorrectDetails -->
        <test-method status="PASS" signature="tearDown()[pri:0, instance:tests.checkout_step_one_test@6e6c3152]" name="tearDown" is-config="true" duration-ms="631" started-at="2020-11-29T16:32:32 IST" finished-at="2020-11-29T16:32:33 IST">
          <reporter-output>
            <line>
              <![CDATA[======# Browser Test End #======]]>
            </line>
          </reporter-output>
        </test-method> <!-- tearDown -->
      </class> <!-- tests.checkout_step_one_test -->
      <class name="tests.checkout_step_two_test">
        <test-method status="PASS" signature="setup(org.testng.ITestContext)[pri:0, instance:tests.checkout_step_two_test@50b494a6]" name="setup" is-config="true" duration-ms="5889" started-at="2020-11-29T16:32:33 IST" finished-at="2020-11-29T16:32:39 IST">
          <params>
            <param index="0">
              <value>
                <![CDATA[org.testng.TestRunner@3e2d44f3]]>
              </value>
            </param>
          </params>
          <reporter-output>
          </reporter-output>
        </test-method> <!-- setup -->
        <test-method status="PASS" signature="getResponseTime()[pri:0, instance:tests.checkout_step_two_test@50b494a6]" name="getResponseTime" duration-ms="480" started-at="2020-11-29T16:32:39 IST" finished-at="2020-11-29T16:32:39 IST">
          <reporter-output>
          </reporter-output>
        </test-method> <!-- getResponseTime -->
        <test-method status="PASS" signature="getStatusCode()[pri:0, instance:tests.checkout_step_two_test@50b494a6]" name="getStatusCode" duration-ms="476" started-at="2020-11-29T16:32:39 IST" finished-at="2020-11-29T16:32:39 IST">
          <reporter-output>
          </reporter-output>
        </test-method> <!-- getStatusCode -->
        <test-method status="PASS" signature="t01_loginSucceed()[pri:0, instance:tests.checkout_step_two_test@50b494a6]" name="t01_loginSucceed" duration-ms="2203" started-at="2020-11-29T16:32:39 IST" finished-at="2020-11-29T16:32:42 IST">
          <reporter-output>
          </reporter-output>
        </test-method> <!-- t01_loginSucceed -->
        <test-method status="PASS" signature="t02_addListItems()[pri:0, instance:tests.checkout_step_two_test@50b494a6]" name="t02_addListItems" duration-ms="560" started-at="2020-11-29T16:32:42 IST" finished-at="2020-11-29T16:32:42 IST">
          <reporter-output>
          </reporter-output>
        </test-method> <!-- t02_addListItems -->
        <test-method status="PASS" signature="t03_clickCheckOut()[pri:0, instance:tests.checkout_step_two_test@50b494a6]" name="t03_clickCheckOut" duration-ms="201" started-at="2020-11-29T16:32:42 IST" finished-at="2020-11-29T16:32:42 IST">
          <reporter-output>
          </reporter-output>
        </test-method> <!-- t03_clickCheckOut -->
        <test-method status="PASS" signature="t04_personalCorrectDetails()[pri:0, instance:tests.checkout_step_two_test@50b494a6]" name="t04_personalCorrectDetails" duration-ms="643" started-at="2020-11-29T16:32:42 IST" finished-at="2020-11-29T16:32:43 IST">
          <reporter-output>
          </reporter-output>
        </test-method> <!-- t04_personalCorrectDetails -->
        <test-method status="PASS" signature="t05_printSauceCard()[pri:0, instance:tests.checkout_step_two_test@50b494a6]" name="t05_printSauceCard" duration-ms="59" started-at="2020-11-29T16:32:43 IST" finished-at="2020-11-29T16:32:43 IST">
          <reporter-output>
          </reporter-output>
        </test-method> <!-- t05_printSauceCard -->
        <test-method status="PASS" signature="t06_printItemTotal()[pri:0, instance:tests.checkout_step_two_test@50b494a6]" name="t06_printItemTotal" duration-ms="47" started-at="2020-11-29T16:32:43 IST" finished-at="2020-11-29T16:32:43 IST">
          <reporter-output>
          </reporter-output>
        </test-method> <!-- t06_printItemTotal -->
        <test-method status="PASS" signature="t07_printTax()[pri:0, instance:tests.checkout_step_two_test@50b494a6]" name="t07_printTax" duration-ms="47" started-at="2020-11-29T16:32:43 IST" finished-at="2020-11-29T16:32:43 IST">
          <reporter-output>
          </reporter-output>
        </test-method> <!-- t07_printTax -->
        <test-method status="PASS" signature="t08_printTotal()[pri:0, instance:tests.checkout_step_two_test@50b494a6]" name="t08_printTotal" duration-ms="46" started-at="2020-11-29T16:32:43 IST" finished-at="2020-11-29T16:32:43 IST">
          <reporter-output>
          </reporter-output>
        </test-method> <!-- t08_printTotal -->
        <test-method status="PASS" signature="t09_finish()[pri:0, instance:tests.checkout_step_two_test@50b494a6]" name="t09_finish" duration-ms="443" started-at="2020-11-29T16:32:43 IST" finished-at="2020-11-29T16:32:44 IST">
          <reporter-output>
          </reporter-output>
        </test-method> <!-- t09_finish -->
        <test-method status="PASS" signature="tearDown()[pri:0, instance:tests.checkout_step_two_test@50b494a6]" name="tearDown" is-config="true" duration-ms="631" started-at="2020-11-29T16:32:44 IST" finished-at="2020-11-29T16:32:44 IST">
          <reporter-output>
            <line>
              <![CDATA[======# Browser Test End #======]]>
            </line>
          </reporter-output>
        </test-method> <!-- tearDown -->
      </class> <!-- tests.checkout_step_two_test -->
      <class name="tests.checkout_complete_test">
        <test-method status="PASS" signature="setup(org.testng.ITestContext)[pri:0, instance:tests.checkout_complete_test@3cef309d]" name="setup" is-config="true" duration-ms="5903" started-at="2020-11-29T16:32:44 IST" finished-at="2020-11-29T16:32:50 IST">
          <params>
            <param index="0">
              <value>
                <![CDATA[org.testng.TestRunner@3e2d44f3]]>
              </value>
            </param>
          </params>
          <reporter-output>
          </reporter-output>
        </test-method> <!-- setup -->
        <test-method status="PASS" signature="getResponseTime()[pri:0, instance:tests.checkout_complete_test@3cef309d]" name="getResponseTime" duration-ms="469" started-at="2020-11-29T16:32:50 IST" finished-at="2020-11-29T16:32:51 IST">
          <reporter-output>
          </reporter-output>
        </test-method> <!-- getResponseTime -->
        <test-method status="PASS" signature="getStatusCode()[pri:0, instance:tests.checkout_complete_test@3cef309d]" name="getStatusCode" duration-ms="472" started-at="2020-11-29T16:32:51 IST" finished-at="2020-11-29T16:32:51 IST">
          <reporter-output>
          </reporter-output>
        </test-method> <!-- getStatusCode -->
        <test-method status="PASS" signature="t01_loginSucceed()[pri:0, instance:tests.checkout_complete_test@3cef309d]" name="t01_loginSucceed" duration-ms="2111" started-at="2020-11-29T16:32:51 IST" finished-at="2020-11-29T16:32:53 IST">
          <reporter-output>
          </reporter-output>
        </test-method> <!-- t01_loginSucceed -->
        <test-method status="PASS" signature="t02_addListItems()[pri:0, instance:tests.checkout_complete_test@3cef309d]" name="t02_addListItems" duration-ms="561" started-at="2020-11-29T16:32:53 IST" finished-at="2020-11-29T16:32:54 IST">
          <reporter-output>
          </reporter-output>
        </test-method> <!-- t02_addListItems -->
        <test-method status="PASS" signature="t03_clickCheckOut()[pri:0, instance:tests.checkout_complete_test@3cef309d]" name="t03_clickCheckOut" duration-ms="205" started-at="2020-11-29T16:32:54 IST" finished-at="2020-11-29T16:32:54 IST">
          <reporter-output>
          </reporter-output>
        </test-method> <!-- t03_clickCheckOut -->
        <test-method status="PASS" signature="t04_personalCorrectDetails()[pri:0, instance:tests.checkout_complete_test@3cef309d]" name="t04_personalCorrectDetails" duration-ms="640" started-at="2020-11-29T16:32:54 IST" finished-at="2020-11-29T16:32:55 IST">
          <reporter-output>
          </reporter-output>
        </test-method> <!-- t04_personalCorrectDetails -->
        <test-method status="PASS" signature="t05_finish()[pri:0, instance:tests.checkout_complete_test@3cef309d]" name="t05_finish" duration-ms="283" started-at="2020-11-29T16:32:55 IST" finished-at="2020-11-29T16:32:55 IST">
          <reporter-output>
          </reporter-output>
        </test-method> <!-- t05_finish -->
        <test-method status="PASS" signature="t06_printMessage()[pri:0, instance:tests.checkout_complete_test@3cef309d]" name="t06_printMessage" duration-ms="65" started-at="2020-11-29T16:32:55 IST" finished-at="2020-11-29T16:32:55 IST">
          <reporter-output>
          </reporter-output>
        </test-method> <!-- t06_printMessage -->
        <test-method status="PASS" signature="t07_finishOrder()[pri:0, instance:tests.checkout_complete_test@3cef309d]" name="t07_finishOrder" duration-ms="25" started-at="2020-11-29T16:32:55 IST" finished-at="2020-11-29T16:32:55 IST">
          <reporter-output>
          </reporter-output>
        </test-method> <!-- t07_finishOrder -->
        <test-method status="PASS" signature="t09_logOut()[pri:0, instance:tests.checkout_complete_test@3cef309d]" name="t09_logOut" duration-ms="258" started-at="2020-11-29T16:32:55 IST" finished-at="2020-11-29T16:32:55 IST">
          <reporter-output>
          </reporter-output>
        </test-method> <!-- t09_logOut -->
        <test-method status="PASS" signature="tearDown()[pri:0, instance:tests.checkout_complete_test@3cef309d]" name="tearDown" is-config="true" duration-ms="624" started-at="2020-11-29T16:32:55 IST" finished-at="2020-11-29T16:32:56 IST">
          <reporter-output>
            <line>
              <![CDATA[======# Browser Test End #======]]>
            </line>
          </reporter-output>
        </test-method> <!-- tearDown -->
      </class> <!-- tests.checkout_complete_test -->
      <class name="tests.inventory_test">
        <test-method status="PASS" signature="setup(org.testng.ITestContext)[pri:0, instance:tests.inventory_test@6ebc05a6]" name="setup" is-config="true" duration-ms="5908" started-at="2020-11-29T16:32:05 IST" finished-at="2020-11-29T16:32:11 IST">
          <params>
            <param index="0">
              <value>
                <![CDATA[org.testng.TestRunner@3e2d44f3]]>
              </value>
            </param>
          </params>
          <reporter-output>
          </reporter-output>
        </test-method> <!-- setup -->
        <test-method status="PASS" signature="getResponseTime()[pri:0, instance:tests.inventory_test@6ebc05a6]" name="getResponseTime" duration-ms="446" started-at="2020-11-29T16:32:11 IST" finished-at="2020-11-29T16:32:12 IST">
          <reporter-output>
          </reporter-output>
        </test-method> <!-- getResponseTime -->
        <test-method status="PASS" signature="getStatusCode()[pri:0, instance:tests.inventory_test@6ebc05a6]" name="getStatusCode" duration-ms="472" started-at="2020-11-29T16:32:12 IST" finished-at="2020-11-29T16:32:12 IST">
          <reporter-output>
          </reporter-output>
        </test-method> <!-- getStatusCode -->
        <test-method status="PASS" signature="t01_loginSucceed()[pri:0, instance:tests.inventory_test@6ebc05a6]" name="t01_loginSucceed" duration-ms="4651" started-at="2020-11-29T16:32:12 IST" finished-at="2020-11-29T16:32:17 IST">
          <reporter-output>
          </reporter-output>
        </test-method> <!-- t01_loginSucceed -->
        <test-method status="PASS" signature="t02_addOneItemAndBack()[pri:0, instance:tests.inventory_test@6ebc05a6]" name="t02_addOneItemAndBack" duration-ms="334" started-at="2020-11-29T16:32:17 IST" finished-at="2020-11-29T16:32:17 IST">
          <reporter-output>
          </reporter-output>
        </test-method> <!-- t02_addOneItemAndBack -->
        <test-method status="PASS" signature="t03_addListItems()[pri:0, instance:tests.inventory_test@6ebc05a6]" name="t03_addListItems" duration-ms="388" started-at="2020-11-29T16:32:17 IST" finished-at="2020-11-29T16:32:18 IST">
          <reporter-output>
          </reporter-output>
        </test-method> <!-- t03_addListItems -->
        <test-method status="PASS" signature="t04_lowToHigh()[pri:0, instance:tests.inventory_test@6ebc05a6]" name="t04_lowToHigh" duration-ms="129" started-at="2020-11-29T16:32:18 IST" finished-at="2020-11-29T16:32:18 IST">
          <reporter-output>
          </reporter-output>
        </test-method> <!-- t04_lowToHigh -->
        <test-method status="PASS" signature="t05_highToLowh()[pri:0, instance:tests.inventory_test@6ebc05a6]" name="t05_highToLowh" duration-ms="123" started-at="2020-11-29T16:32:18 IST" finished-at="2020-11-29T16:32:18 IST">
          <reporter-output>
          </reporter-output>
        </test-method> <!-- t05_highToLowh -->
        <test-method status="PASS" signature="t06_ZToA()[pri:0, instance:tests.inventory_test@6ebc05a6]" name="t06_ZToA" duration-ms="111" started-at="2020-11-29T16:32:18 IST" finished-at="2020-11-29T16:32:18 IST">
          <reporter-output>
          </reporter-output>
        </test-method> <!-- t06_ZToA -->
        <test-method status="PASS" signature="t07_logOut()[pri:0, instance:tests.inventory_test@6ebc05a6]" name="t07_logOut" duration-ms="293" started-at="2020-11-29T16:32:18 IST" finished-at="2020-11-29T16:32:18 IST">
          <reporter-output>
          </reporter-output>
        </test-method> <!-- t07_logOut -->
        <test-method status="PASS" signature="tearDown()[pri:0, instance:tests.inventory_test@6ebc05a6]" name="tearDown" is-config="true" duration-ms="626" started-at="2020-11-29T16:32:18 IST" finished-at="2020-11-29T16:32:19 IST">
          <reporter-output>
            <line>
              <![CDATA[======# Browser Test End #======]]>
            </line>
          </reporter-output>
        </test-method> <!-- tearDown -->
      </class> <!-- tests.inventory_test -->
      <class name="tests.cart_test">
        <test-method status="PASS" signature="setup(org.testng.ITestContext)[pri:0, instance:tests.cart_test@1dfe2924]" name="setup" is-config="true" duration-ms="5831" started-at="2020-11-29T16:31:54 IST" finished-at="2020-11-29T16:32:00 IST">
          <params>
            <param index="0">
              <value>
                <![CDATA[org.testng.TestRunner@3e2d44f3]]>
              </value>
            </param>
          </params>
          <reporter-output>
          </reporter-output>
        </test-method> <!-- setup -->
        <test-method status="PASS" signature="getResponseTime()[pri:0, instance:tests.cart_test@1dfe2924]" name="getResponseTime" duration-ms="440" started-at="2020-11-29T16:32:00 IST" finished-at="2020-11-29T16:32:00 IST">
          <reporter-output>
          </reporter-output>
        </test-method> <!-- getResponseTime -->
        <test-method status="PASS" signature="getStatusCode()[pri:0, instance:tests.cart_test@1dfe2924]" name="getStatusCode" duration-ms="475" started-at="2020-11-29T16:32:00 IST" finished-at="2020-11-29T16:32:01 IST">
          <reporter-output>
          </reporter-output>
        </test-method> <!-- getStatusCode -->
        <test-method status="PASS" signature="t01_loginSucceed()[pri:0, instance:tests.cart_test@1dfe2924]" name="t01_loginSucceed" duration-ms="2126" started-at="2020-11-29T16:32:01 IST" finished-at="2020-11-29T16:32:03 IST">
          <reporter-output>
          </reporter-output>
        </test-method> <!-- t01_loginSucceed -->
        <test-method status="PASS" signature="t02_addListItems()[pri:0, instance:tests.cart_test@1dfe2924]" name="t02_addListItems" duration-ms="568" started-at="2020-11-29T16:32:03 IST" finished-at="2020-11-29T16:32:03 IST">
          <reporter-output>
          </reporter-output>
        </test-method> <!-- t02_addListItems -->
        <test-method status="PASS" signature="t03_remvoeItem()[pri:0, instance:tests.cart_test@1dfe2924]" name="t03_remvoeItem" duration-ms="73" started-at="2020-11-29T16:32:03 IST" finished-at="2020-11-29T16:32:03 IST">
          <reporter-output>
          </reporter-output>
        </test-method> <!-- t03_remvoeItem -->
        <test-method status="PASS" signature="t04_continueShopping()[pri:0, instance:tests.cart_test@1dfe2924]" name="t04_continueShopping" duration-ms="200" started-at="2020-11-29T16:32:03 IST" finished-at="2020-11-29T16:32:04 IST">
          <reporter-output>
          </reporter-output>
        </test-method> <!-- t04_continueShopping -->
        <test-method status="PASS" signature="t05_numOfItems()[pri:0, instance:tests.cart_test@1dfe2924]" name="t05_numOfItems" duration-ms="1074" started-at="2020-11-29T16:32:04 IST" finished-at="2020-11-29T16:32:05 IST">
          <reporter-output>
          </reporter-output>
        </test-method> <!-- t05_numOfItems -->
        <test-method status="PASS" signature="t06_clickCheckOut()[pri:0, instance:tests.cart_test@1dfe2924]" name="t06_clickCheckOut" duration-ms="197" started-at="2020-11-29T16:32:05 IST" finished-at="2020-11-29T16:32:05 IST">
          <reporter-output>
          </reporter-output>
        </test-method> <!-- t06_clickCheckOut -->
        <test-method status="PASS" signature="tearDown()[pri:0, instance:tests.cart_test@1dfe2924]" name="tearDown" is-config="true" duration-ms="626" started-at="2020-11-29T16:32:05 IST" finished-at="2020-11-29T16:32:05 IST">
          <reporter-output>
            <line>
              <![CDATA[======# Browser Test End #======]]>
            </line>
          </reporter-output>
        </test-method> <!-- tearDown -->
      </class> <!-- tests.cart_test -->
    </test> <!-- Test -->
  </suite> <!-- Suite -->
</testng-results>
