<?xml version="1.0" encoding="UTF-8"?>
<testng-results ignored="0" total="43" passed="42" failed="1" skipped="0">
  <reporter-output>
    <line>
      <![CDATA[===== Browser Test End =====]]>
    </line>
    <line>
      <![CDATA[===== Browser Test End =====]]>
    </line>
    <line>
      <![CDATA[===== Browser Test End =====]]>
    </line>
    <line>
      <![CDATA[===== Browser Test End =====]]>
    </line>
    <line>
      <![CDATA[===== Browser Test End =====]]>
    </line>
    <line>
      <![CDATA[===== Browser Test End =====]]>
    </line>
  </reporter-output>
  <suite started-at="2020-05-08T12:10:28Z" name="Suite" finished-at="2020-05-08T12:11:34Z" duration-ms="66772">
    <groups>
    </groups>
    <test started-at="2020-05-08T12:10:28Z" name="Test" finished-at="2020-05-08T12:11:34Z" duration-ms="66772">
      <class name="tests.Login_test">
        <test-method is-config="true" signature="setup(org.testng.ITestContext)[pri:0, instance:tests.Login_test@4d6ee47]" started-at="2020-05-08T12:10:28Z" name="setup" finished-at="2020-05-08T12:10:34Z" duration-ms="6540" status="PASS">
          <params>
            <param index="0">
              <value>
                <![CDATA[org.testng.TestRunner@7c6fc278]]>
              </value>
            </param>
          </params>
          <reporter-output>
          </reporter-output>
        </test-method> <!-- setup -->
        <test-method signature="t01_loginFailedFromTable(java.lang.String, java.lang.String)[pri:0, instance:tests.Login_test@4d6ee47]" started-at="2020-05-08T12:10:34Z" name="t01_loginFailedFromTable" description="use from table information" data-provider="getData" finished-at="2020-05-08T12:10:36Z" duration-ms="1368" status="PASS">
          <params>
            <param index="0">
              <value>
                <![CDATA[biranvaron]]>
              </value>
            </param>
            <param index="1">
              <value>
                <![CDATA[12345]]>
              </value>
            </param>
          </params>
          <reporter-output>
          </reporter-output>
        </test-method> <!-- t01_loginFailedFromTable -->
        <test-method signature="t01_loginFailedFromTable(java.lang.String, java.lang.String)[pri:0, instance:tests.Login_test@4d6ee47]" started-at="2020-05-08T12:10:36Z" name="t01_loginFailedFromTable" description="use from table information" data-provider="getData" finished-at="2020-05-08T12:10:37Z" duration-ms="1218" status="PASS">
          <params>
            <param index="0">
              <value>
                <![CDATA[varonbiran]]>
              </value>
            </param>
            <param index="1">
              <value>
                <![CDATA[54321]]>
              </value>
            </param>
          </params>
          <reporter-output>
          </reporter-output>
        </test-method> <!-- t01_loginFailedFromTable -->
        <test-method signature="t01_loginFailedFromTable(java.lang.String, java.lang.String)[pri:0, instance:tests.Login_test@4d6ee47]" started-at="2020-05-08T12:10:37Z" name="t01_loginFailedFromTable" description="use from table information" data-provider="getData" finished-at="2020-05-08T12:10:38Z" duration-ms="1217" status="PASS">
          <params>
            <param index="0">
              <value>
                <![CDATA[username]]>
              </value>
            </param>
            <param index="1">
              <value>
                <![CDATA[password1541]]>
              </value>
            </param>
          </params>
          <reporter-output>
          </reporter-output>
        </test-method> <!-- t01_loginFailedFromTable -->
        <test-method signature="t01_loginFailedFromTable(java.lang.String, java.lang.String)[pri:0, instance:tests.Login_test@4d6ee47]" started-at="2020-05-08T12:10:38Z" name="t01_loginFailedFromTable" description="use from table information" data-provider="getData" finished-at="2020-05-08T12:10:39Z" duration-ms="1214" status="PASS">
          <params>
            <param index="0">
              <value>
                <![CDATA[userBiran]]>
              </value>
            </param>
            <param index="1">
              <value>
                <![CDATA[mycode88]]>
              </value>
            </param>
          </params>
          <reporter-output>
          </reporter-output>
        </test-method> <!-- t01_loginFailedFromTable -->
        <test-method signature="t02_loginFailedMatchAssert()[pri:0, instance:tests.Login_test@4d6ee47]" started-at="2020-05-08T12:10:39Z" name="t02_loginFailedMatchAssert" description="Login with wrong password and match assert" finished-at="2020-05-08T12:10:41Z" duration-ms="1246" status="PASS">
          <reporter-output>
          </reporter-output>
        </test-method> <!-- t02_loginFailedMatchAssert -->
        <test-method signature="t03_loginFailedNoMatchAssert()[pri:0, instance:tests.Login_test@4d6ee47]" started-at="2020-05-08T12:10:41Z" name="t03_loginFailedNoMatchAssert" description="Login with wrong password with unmatch assert" finished-at="2020-05-08T12:10:42Z" duration-ms="1222" status="FAIL">
          <exception class="java.lang.AssertionError">
            <message>
              <![CDATA[expected [Sorry! Epic sadface: Username and password do not match any user in this service] but found [Epic sadface: Username and password do not match any user in this service]]]>
            </message>
            <full-stacktrace>
              <![CDATA[java.lang.AssertionError: expected [Sorry! Epic sadface: Username and password do not match any user in this service] but found [Epic sadface: Username and password do not match any user in this service]
at org.testng.Assert.fail(Assert.java:96)
at org.testng.Assert.failNotEquals(Assert.java:776)
at org.testng.Assert.assertEqualsImpl(Assert.java:137)
at org.testng.Assert.assertEquals(Assert.java:118)
at org.testng.Assert.assertEquals(Assert.java:453)
at org.testng.Assert.assertEquals(Assert.java:463)
at tests.Login_test.t03_loginFailedNoMatchAssert(Login_test.java:48)
at java.base/jdk.internal.reflect.NativeMethodAccessorImpl.invoke0(Native Method)
at java.base/jdk.internal.reflect.NativeMethodAccessorImpl.invoke(NativeMethodAccessorImpl.java:62)
at java.base/jdk.internal.reflect.DelegatingMethodAccessorImpl.invoke(DelegatingMethodAccessorImpl.java:43)
at java.base/java.lang.reflect.Method.invoke(Method.java:566)
at org.testng.internal.MethodInvocationHelper.invokeMethod(MethodInvocationHelper.java:124)
at org.testng.internal.Invoker.invokeMethod(Invoker.java:583)
at org.testng.internal.Invoker.invokeTestMethod(Invoker.java:719)
at org.testng.internal.Invoker.invokeTestMethods(Invoker.java:989)
at org.testng.internal.TestMethodWorker.invokeTestMethods(TestMethodWorker.java:125)
at org.testng.internal.TestMethodWorker.run(TestMethodWorker.java:109)
at org.testng.TestRunner.privateRun(TestRunner.java:648)
at org.testng.TestRunner.run(TestRunner.java:505)
at org.testng.SuiteRunner.runTest(SuiteRunner.java:455)
at org.testng.SuiteRunner.runSequentially(SuiteRunner.java:450)
at org.testng.SuiteRunner.privateRun(SuiteRunner.java:415)
at org.testng.SuiteRunner.run(SuiteRunner.java:364)
at org.testng.SuiteRunnerWorker.runSuite(SuiteRunnerWorker.java:52)
at org.testng.SuiteRunnerWorker.run(SuiteRunnerWorker.java:84)
at org.testng.TestNG.runSuitesSequentially(TestNG.java:1208)
at org.testng.TestNG.runSuitesLocally(TestNG.java:1137)
at org.testng.TestNG.runSuites(TestNG.java:1049)
at org.testng.TestNG.run(TestNG.java:1017)
at org.testng.remote.AbstractRemoteTestNG.run(AbstractRemoteTestNG.java:115)
at org.testng.remote.RemoteTestNG.initAndRun(RemoteTestNG.java:251)
at org.testng.remote.RemoteTestNG.main(RemoteTestNG.java:77)
]]>
            </full-stacktrace>
          </exception> <!-- java.lang.AssertionError -->
          <reporter-output>
          </reporter-output>
        </test-method> <!-- t03_loginFailedNoMatchAssert -->
        <test-method signature="t04_loginSucceed()[pri:0, instance:tests.Login_test@4d6ee47]" started-at="2020-05-08T12:10:42Z" name="t04_loginSucceed" description="Login with right username and password" finished-at="2020-05-08T12:10:44Z" duration-ms="1860" status="PASS">
          <reporter-output>
          </reporter-output>
        </test-method> <!-- t04_loginSucceed -->
        <test-method is-config="true" signature="tearDown()[pri:0, instance:tests.Login_test@4d6ee47]" started-at="2020-05-08T12:10:44Z" name="tearDown" finished-at="2020-05-08T12:10:45Z" duration-ms="634" status="PASS">
          <reporter-output>
            <line>
              <![CDATA[===== Browser Test End =====]]>
            </line>
          </reporter-output>
        </test-method> <!-- tearDown -->
      </class> <!-- tests.Login_test -->
      <class name="tests.Products_test">
        <test-method is-config="true" signature="setup(org.testng.ITestContext)[pri:0, instance:tests.Products_test@c6da8bb]" started-at="2020-05-08T12:11:15Z" name="setup" finished-at="2020-05-08T12:11:20Z" duration-ms="5450" status="PASS">
          <params>
            <param index="0">
              <value>
                <![CDATA[org.testng.TestRunner@7c6fc278]]>
              </value>
            </param>
          </params>
          <reporter-output>
          </reporter-output>
        </test-method> <!-- setup -->
        <test-method signature="t01_loginSucceed()[pri:0, instance:tests.Products_test@c6da8bb]" started-at="2020-05-08T12:11:20Z" name="t01_loginSucceed" finished-at="2020-05-08T12:11:23Z" duration-ms="2903" status="PASS">
          <reporter-output>
          </reporter-output>
        </test-method> <!-- t01_loginSucceed -->
        <test-method signature="t02_addOneItemAndBack()[pri:0, instance:tests.Products_test@c6da8bb]" started-at="2020-05-08T12:11:23Z" name="t02_addOneItemAndBack" finished-at="2020-05-08T12:11:23Z" duration-ms="260" status="PASS">
          <reporter-output>
          </reporter-output>
        </test-method> <!-- t02_addOneItemAndBack -->
        <test-method signature="t03_addListItems()[pri:0, instance:tests.Products_test@c6da8bb]" started-at="2020-05-08T12:11:23Z" name="t03_addListItems" finished-at="2020-05-08T12:11:24Z" duration-ms="324" status="PASS">
          <reporter-output>
          </reporter-output>
        </test-method> <!-- t03_addListItems -->
        <test-method signature="t04_lowToHigh()[pri:0, instance:tests.Products_test@c6da8bb]" started-at="2020-05-08T12:11:24Z" name="t04_lowToHigh" finished-at="2020-05-08T12:11:24Z" duration-ms="93" status="PASS">
          <reporter-output>
          </reporter-output>
        </test-method> <!-- t04_lowToHigh -->
        <test-method signature="t05_highToLowh()[pri:0, instance:tests.Products_test@c6da8bb]" started-at="2020-05-08T12:11:24Z" name="t05_highToLowh" finished-at="2020-05-08T12:11:24Z" duration-ms="73" status="PASS">
          <reporter-output>
          </reporter-output>
        </test-method> <!-- t05_highToLowh -->
        <test-method signature="t06_ZToA()[pri:0, instance:tests.Products_test@c6da8bb]" started-at="2020-05-08T12:11:24Z" name="t06_ZToA" finished-at="2020-05-08T12:11:24Z" duration-ms="84" status="PASS">
          <reporter-output>
          </reporter-output>
        </test-method> <!-- t06_ZToA -->
        <test-method signature="t07_logOut()[pri:0, instance:tests.Products_test@c6da8bb]" started-at="2020-05-08T12:11:24Z" name="t07_logOut" finished-at="2020-05-08T12:11:24Z" duration-ms="220" status="PASS">
          <reporter-output>
          </reporter-output>
        </test-method> <!-- t07_logOut -->
        <test-method is-config="true" signature="tearDown()[pri:0, instance:tests.Products_test@c6da8bb]" started-at="2020-05-08T12:11:24Z" name="tearDown" finished-at="2020-05-08T12:11:25Z" duration-ms="630" status="PASS">
          <reporter-output>
            <line>
              <![CDATA[===== Browser Test End =====]]>
            </line>
          </reporter-output>
        </test-method> <!-- tearDown -->
      </class> <!-- tests.Products_test -->
      <class name="tests.Overview_test">
        <test-method is-config="true" signature="setup(org.testng.ITestContext)[pri:0, instance:tests.Overview_test@3bae64d0]" started-at="2020-05-08T12:10:45Z" name="setup" finished-at="2020-05-08T12:10:50Z" duration-ms="5466" status="PASS">
          <params>
            <param index="0">
              <value>
                <![CDATA[org.testng.TestRunner@7c6fc278]]>
              </value>
            </param>
          </params>
          <reporter-output>
          </reporter-output>
        </test-method> <!-- setup -->
        <test-method signature="t01_loginSucceed()[pri:0, instance:tests.Overview_test@3bae64d0]" started-at="2020-05-08T12:10:50Z" name="t01_loginSucceed" finished-at="2020-05-08T12:10:52Z" duration-ms="1915" status="PASS">
          <reporter-output>
          </reporter-output>
        </test-method> <!-- t01_loginSucceed -->
        <test-method signature="t02_addListItems()[pri:0, instance:tests.Overview_test@3bae64d0]" started-at="2020-05-08T12:10:52Z" name="t02_addListItems" finished-at="2020-05-08T12:10:52Z" duration-ms="408" status="PASS">
          <reporter-output>
          </reporter-output>
        </test-method> <!-- t02_addListItems -->
        <test-method signature="t03_clickCheckOut()[pri:0, instance:tests.Overview_test@3bae64d0]" started-at="2020-05-08T12:10:52Z" name="t03_clickCheckOut" finished-at="2020-05-08T12:10:53Z" duration-ms="119" status="PASS">
          <reporter-output>
          </reporter-output>
        </test-method> <!-- t03_clickCheckOut -->
        <test-method signature="t04_personalCorrectDetails()[pri:0, instance:tests.Overview_test@3bae64d0]" started-at="2020-05-08T12:10:53Z" name="t04_personalCorrectDetails" finished-at="2020-05-08T12:10:53Z" duration-ms="404" status="PASS">
          <reporter-output>
          </reporter-output>
        </test-method> <!-- t04_personalCorrectDetails -->
        <test-method signature="t05_printSauceCard()[pri:0, instance:tests.Overview_test@3bae64d0]" started-at="2020-05-08T12:10:53Z" name="t05_printSauceCard" finished-at="2020-05-08T12:10:53Z" duration-ms="33" status="PASS">
          <reporter-output>
          </reporter-output>
        </test-method> <!-- t05_printSauceCard -->
        <test-method signature="t06_printItemTotal()[pri:0, instance:tests.Overview_test@3bae64d0]" started-at="2020-05-08T12:10:53Z" name="t06_printItemTotal" finished-at="2020-05-08T12:10:53Z" duration-ms="32" status="PASS">
          <reporter-output>
          </reporter-output>
        </test-method> <!-- t06_printItemTotal -->
        <test-method signature="t07_printTax()[pri:0, instance:tests.Overview_test@3bae64d0]" started-at="2020-05-08T12:10:53Z" name="t07_printTax" finished-at="2020-05-08T12:10:53Z" duration-ms="34" status="PASS">
          <reporter-output>
          </reporter-output>
        </test-method> <!-- t07_printTax -->
        <test-method signature="t08_printTotal()[pri:0, instance:tests.Overview_test@3bae64d0]" started-at="2020-05-08T12:10:53Z" name="t08_printTotal" finished-at="2020-05-08T12:10:53Z" duration-ms="32" status="PASS">
          <reporter-output>
          </reporter-output>
        </test-method> <!-- t08_printTotal -->
        <test-method signature="t09_finish()[pri:0, instance:tests.Overview_test@3bae64d0]" started-at="2020-05-08T12:10:53Z" name="t09_finish" finished-at="2020-05-08T12:10:53Z" duration-ms="129" status="PASS">
          <reporter-output>
          </reporter-output>
        </test-method> <!-- t09_finish -->
        <test-method is-config="true" signature="tearDown()[pri:0, instance:tests.Overview_test@3bae64d0]" started-at="2020-05-08T12:10:53Z" name="tearDown" finished-at="2020-05-08T12:10:54Z" duration-ms="622" status="PASS">
          <reporter-output>
            <line>
              <![CDATA[===== Browser Test End =====]]>
            </line>
          </reporter-output>
        </test-method> <!-- tearDown -->
      </class> <!-- tests.Overview_test -->
      <class name="tests.Checkout_test">
        <test-method is-config="true" signature="setup(org.testng.ITestContext)[pri:0, instance:tests.Checkout_test@a33b4e3]" started-at="2020-05-08T12:10:54Z" name="setup" finished-at="2020-05-08T12:10:59Z" duration-ms="5473" status="PASS">
          <params>
            <param index="0">
              <value>
                <![CDATA[org.testng.TestRunner@7c6fc278]]>
              </value>
            </param>
          </params>
          <reporter-output>
          </reporter-output>
        </test-method> <!-- setup -->
        <test-method signature="t01_loginSucceed()[pri:0, instance:tests.Checkout_test@a33b4e3]" started-at="2020-05-08T12:10:59Z" name="t01_loginSucceed" finished-at="2020-05-08T12:11:01Z" duration-ms="1922" status="PASS">
          <reporter-output>
          </reporter-output>
        </test-method> <!-- t01_loginSucceed -->
        <test-method signature="t02_addListItems()[pri:0, instance:tests.Checkout_test@a33b4e3]" started-at="2020-05-08T12:11:01Z" name="t02_addListItems" finished-at="2020-05-08T12:11:02Z" duration-ms="412" status="PASS">
          <reporter-output>
          </reporter-output>
        </test-method> <!-- t02_addListItems -->
        <test-method signature="t03_clickCheckOut()[pri:0, instance:tests.Checkout_test@a33b4e3]" started-at="2020-05-08T12:11:02Z" name="t03_clickCheckOut" finished-at="2020-05-08T12:11:02Z" duration-ms="117" status="PASS">
          <reporter-output>
          </reporter-output>
        </test-method> <!-- t03_clickCheckOut -->
        <test-method signature="t04_personalWrongFirstName()[pri:0, instance:tests.Checkout_test@a33b4e3]" started-at="2020-05-08T12:11:02Z" name="t04_personalWrongFirstName" finished-at="2020-05-08T12:11:04Z" duration-ms="2347" status="PASS">
          <reporter-output>
          </reporter-output>
        </test-method> <!-- t04_personalWrongFirstName -->
        <test-method signature="t05_personalCorrectDetails()[pri:0, instance:tests.Checkout_test@a33b4e3]" started-at="2020-05-08T12:11:04Z" name="t05_personalCorrectDetails" finished-at="2020-05-08T12:11:04Z" duration-ms="334" status="PASS">
          <reporter-output>
          </reporter-output>
        </test-method> <!-- t05_personalCorrectDetails -->
        <test-method is-config="true" signature="tearDown()[pri:0, instance:tests.Checkout_test@a33b4e3]" started-at="2020-05-08T12:11:04Z" name="tearDown" finished-at="2020-05-08T12:11:05Z" duration-ms="629" status="PASS">
          <reporter-output>
            <line>
              <![CDATA[===== Browser Test End =====]]>
            </line>
          </reporter-output>
        </test-method> <!-- tearDown -->
      </class> <!-- tests.Checkout_test -->
      <class name="tests.Thanks_test">
        <test-method is-config="true" signature="setup(org.testng.ITestContext)[pri:0, instance:tests.Thanks_test@8b91134]" started-at="2020-05-08T12:11:05Z" name="setup" finished-at="2020-05-08T12:11:11Z" duration-ms="5393" status="PASS">
          <params>
            <param index="0">
              <value>
                <![CDATA[org.testng.TestRunner@7c6fc278]]>
              </value>
            </param>
          </params>
          <reporter-output>
          </reporter-output>
        </test-method> <!-- setup -->
        <test-method signature="t01_loginSucceed()[pri:0, instance:tests.Thanks_test@8b91134]" started-at="2020-05-08T12:11:11Z" name="t01_loginSucceed" finished-at="2020-05-08T12:11:12Z" duration-ms="1904" status="PASS">
          <reporter-output>
          </reporter-output>
        </test-method> <!-- t01_loginSucceed -->
        <test-method signature="t02_addListItems()[pri:0, instance:tests.Thanks_test@8b91134]" started-at="2020-05-08T12:11:12Z" name="t02_addListItems" finished-at="2020-05-08T12:11:13Z" duration-ms="396" status="PASS">
          <reporter-output>
          </reporter-output>
        </test-method> <!-- t02_addListItems -->
        <test-method signature="t03_clickCheckOut()[pri:0, instance:tests.Thanks_test@8b91134]" started-at="2020-05-08T12:11:13Z" name="t03_clickCheckOut" finished-at="2020-05-08T12:11:13Z" duration-ms="112" status="PASS">
          <reporter-output>
          </reporter-output>
        </test-method> <!-- t03_clickCheckOut -->
        <test-method signature="t04_personalCorrectDetails()[pri:0, instance:tests.Thanks_test@8b91134]" started-at="2020-05-08T12:11:13Z" name="t04_personalCorrectDetails" finished-at="2020-05-08T12:11:13Z" duration-ms="410" status="PASS">
          <reporter-output>
          </reporter-output>
        </test-method> <!-- t04_personalCorrectDetails -->
        <test-method signature="t05_finish()[pri:0, instance:tests.Thanks_test@8b91134]" started-at="2020-05-08T12:11:13Z" name="t05_finish" finished-at="2020-05-08T12:11:13Z" duration-ms="126" status="PASS">
          <reporter-output>
          </reporter-output>
        </test-method> <!-- t05_finish -->
        <test-method signature="t06_printMessage()[pri:0, instance:tests.Thanks_test@8b91134]" started-at="2020-05-08T12:11:13Z" name="t06_printMessage" finished-at="2020-05-08T12:11:14Z" duration-ms="39" status="PASS">
          <reporter-output>
          </reporter-output>
        </test-method> <!-- t06_printMessage -->
        <test-method signature="t07_finishOrder()[pri:0, instance:tests.Thanks_test@8b91134]" started-at="2020-05-08T12:11:14Z" name="t07_finishOrder" finished-at="2020-05-08T12:11:14Z" duration-ms="12" status="PASS">
          <reporter-output>
          </reporter-output>
        </test-method> <!-- t07_finishOrder -->
        <test-method signature="t08_captureScreenshot()[pri:0, instance:tests.Thanks_test@8b91134]" started-at="2020-05-08T12:11:14Z" name="t08_captureScreenshot" finished-at="2020-05-08T12:11:14Z" duration-ms="319" status="PASS">
          <reporter-output>
          </reporter-output>
        </test-method> <!-- t08_captureScreenshot -->
        <test-method signature="t09_logOut()[pri:0, instance:tests.Thanks_test@8b91134]" started-at="2020-05-08T12:11:14Z" name="t09_logOut" finished-at="2020-05-08T12:11:14Z" duration-ms="183" status="PASS">
          <reporter-output>
          </reporter-output>
        </test-method> <!-- t09_logOut -->
        <test-method is-config="true" signature="tearDown()[pri:0, instance:tests.Thanks_test@8b91134]" started-at="2020-05-08T12:11:14Z" name="tearDown" finished-at="2020-05-08T12:11:15Z" duration-ms="624" status="PASS">
          <reporter-output>
            <line>
              <![CDATA[===== Browser Test End =====]]>
            </line>
          </reporter-output>
        </test-method> <!-- tearDown -->
      </class> <!-- tests.Thanks_test -->
      <class name="tests.Cart_test">
        <test-method is-config="true" signature="setup(org.testng.ITestContext)[pri:0, instance:tests.Cart_test@1fba386c]" started-at="2020-05-08T12:11:25Z" name="setup" finished-at="2020-05-08T12:11:30Z" duration-ms="5402" status="PASS">
          <params>
            <param index="0">
              <value>
                <![CDATA[org.testng.TestRunner@7c6fc278]]>
              </value>
            </param>
          </params>
          <reporter-output>
          </reporter-output>
        </test-method> <!-- setup -->
        <test-method signature="t01_loginSucceed()[pri:0, instance:tests.Cart_test@1fba386c]" started-at="2020-05-08T12:11:30Z" name="t01_loginSucceed" finished-at="2020-05-08T12:11:32Z" duration-ms="1906" status="PASS">
          <reporter-output>
          </reporter-output>
        </test-method> <!-- t01_loginSucceed -->
        <test-method signature="t02_addListItems()[pri:0, instance:tests.Cart_test@1fba386c]" started-at="2020-05-08T12:11:32Z" name="t02_addListItems" finished-at="2020-05-08T12:11:32Z" duration-ms="404" status="PASS">
          <reporter-output>
          </reporter-output>
        </test-method> <!-- t02_addListItems -->
        <test-method signature="t03_remvoeItem()[pri:0, instance:tests.Cart_test@1fba386c]" started-at="2020-05-08T12:11:32Z" name="t03_remvoeItem" finished-at="2020-05-08T12:11:32Z" duration-ms="52" status="PASS">
          <reporter-output>
          </reporter-output>
        </test-method> <!-- t03_remvoeItem -->
        <test-method signature="t04_continueShopping()[pri:0, instance:tests.Cart_test@1fba386c]" started-at="2020-05-08T12:11:32Z" name="t04_continueShopping" finished-at="2020-05-08T12:11:33Z" duration-ms="192" status="PASS">
          <reporter-output>
          </reporter-output>
        </test-method> <!-- t04_continueShopping -->
        <test-method signature="t05_numOfItems()[pri:0, instance:tests.Cart_test@1fba386c]" started-at="2020-05-08T12:11:33Z" name="t05_numOfItems" finished-at="2020-05-08T12:11:34Z" duration-ms="1030" status="PASS">
          <reporter-output>
          </reporter-output>
        </test-method> <!-- t05_numOfItems -->
        <test-method signature="t06_clickCheckOut()[pri:0, instance:tests.Cart_test@1fba386c]" started-at="2020-05-08T12:11:34Z" name="t06_clickCheckOut" finished-at="2020-05-08T12:11:34Z" duration-ms="108" status="PASS">
          <reporter-output>
          </reporter-output>
        </test-method> <!-- t06_clickCheckOut -->
        <test-method is-config="true" signature="tearDown()[pri:0, instance:tests.Cart_test@1fba386c]" started-at="2020-05-08T12:11:34Z" name="tearDown" finished-at="2020-05-08T12:11:34Z" duration-ms="622" status="PASS">
          <reporter-output>
            <line>
              <![CDATA[===== Browser Test End =====]]>
            </line>
          </reporter-output>
        </test-method> <!-- tearDown -->
      </class> <!-- tests.Cart_test -->
    </test> <!-- Test -->
  </suite> <!-- Suite -->
</testng-results>
